2023-01-04 05:19:25,442 - Log4JLogChute initialized using file 'velocity.log'
2023-01-04 05:19:25,442 - Starting Apache Velocity v1.5 (compiled: 2007-02-22 08:52:29)
2023-01-04 05:19:25,442 - Default Properties File: org\apache\velocity\runtime\defaults\velocity.properties
2023-01-04 05:19:25,442 - Trying to use logger class org.apache.velocity.runtime.log.AvalonLogChute
2023-01-04 05:19:25,444 - Couldn't find class org.apache.velocity.runtime.log.AvalonLogChute or necessary supporting classes in classpath.
java.lang.NoClassDefFoundError: org/apache/log/format/Formatter
	at java.base/java.lang.Class.forName0(Native Method)
	at java.base/java.lang.Class.forName(Class.java:467)
	at org.apache.velocity.util.ClassUtils.getClass(ClassUtils.java:63)
	at org.apache.velocity.util.ClassUtils.getNewInstance(ClassUtils.java:95)
	at org.apache.velocity.runtime.log.LogManager.createLogChute(LogManager.java:147)
	at org.apache.velocity.runtime.log.LogManager.updateLog(LogManager.java:208)
	at org.apache.velocity.runtime.RuntimeInstance.initializeLog(RuntimeInstance.java:728)
	at org.apache.velocity.runtime.RuntimeInstance.init(RuntimeInstance.java:240)
	at org.apache.velocity.runtime.RuntimeInstance.init(RuntimeInstance.java:534)
	at org.apache.velocity.app.VelocityEngine.init(VelocityEngine.java:144)
	at org.eclipse.jpt.jpa.gen.internal.PackageGenerator.generateClass(PackageGenerator.java:303)
	at org.eclipse.jpt.jpa.gen.internal.PackageGenerator.generateInternal(PackageGenerator.java:132)
	at org.eclipse.jpt.jpa.gen.internal.PackageGenerator.doGenerate(PackageGenerator.java:106)
	at org.eclipse.jpt.jpa.gen.internal.PackageGenerator.generate(PackageGenerator.java:82)
	at org.eclipse.jpt.jpa.ui.internal.wizards.gen.GenerateEntitiesFromSchemaWizard$GenerateEntitiesJob.runInWorkspace(GenerateEntitiesFromSchemaWizard.java:285)
	at org.eclipse.core.internal.resources.InternalWorkspaceJob.run(InternalWorkspaceJob.java:43)
	at org.eclipse.core.internal.jobs.Worker.run(Worker.java:63)
Caused by: java.lang.ClassNotFoundException: org.apache.log.format.Formatter cannot be found by org.apache.velocity_1.5.0.v200905192330
	at org.eclipse.osgi.internal.loader.BundleLoader.generateException(BundleLoader.java:541)
	at org.eclipse.osgi.internal.loader.BundleLoader.findClass0(BundleLoader.java:536)
	at org.eclipse.osgi.internal.loader.BundleLoader.findClass(BundleLoader.java:416)
	at org.eclipse.osgi.internal.loader.ModuleClassLoader.loadClass(ModuleClassLoader.java:168)
	at java.base/java.lang.ClassLoader.loadClass(ClassLoader.java:520)
	... 17 more
2023-01-04 05:19:25,446 - Trying to use logger class org.apache.velocity.runtime.log.Log4JLogChute
2023-01-04 05:19:25,446 - Using logger class org.apache.velocity.runtime.log.Log4JLogChute
2023-01-04 05:19:25,450 - Default ResourceManager initializing. (class org.apache.velocity.runtime.resource.ResourceManagerImpl)
2023-01-04 05:19:25,459 - ResourceLoader instantiated: org.apache.velocity.runtime.resource.loader.FileResourceLoader
2023-01-04 05:19:25,460 - Do unicode file recognition:  false
2023-01-04 05:19:25,460 - FileResourceLoader : adding path 'C:\Users\Acer\Desktop\KERETRENDSZERBEADANDO\IDE\eclipse\configuration\org.eclipse.jpt.jpa.gen\templates\entities'
2023-01-04 05:19:25,473 - ResourceCache: initialized (class org.apache.velocity.runtime.resource.ResourceCacheImpl)
2023-01-04 05:19:25,475 - Loaded System Directive: org.apache.velocity.runtime.directive.Literal
2023-01-04 05:19:25,477 - Loaded System Directive: org.apache.velocity.runtime.directive.Macro
2023-01-04 05:19:25,479 - Loaded System Directive: org.apache.velocity.runtime.directive.Parse
2023-01-04 05:19:25,480 - Loaded System Directive: org.apache.velocity.runtime.directive.Include
2023-01-04 05:19:25,482 - Loaded System Directive: org.apache.velocity.runtime.directive.Foreach
2023-01-04 05:19:25,520 - Created '20' parsers.
2023-01-04 05:19:25,539 - Velocimacro : "velocimacro.library" is not set.  Trying default library: VM_global_library.vm
2023-01-04 05:19:25,540 - Velocimacro : Default library not found.
2023-01-04 05:19:25,540 - Velocimacro : allowInline = true : VMs can be defined inline in templates
2023-01-04 05:19:25,540 - Velocimacro : allowInlineToOverride = false : VMs defined inline may NOT replace previous VM definitions
2023-01-04 05:19:25,540 - Velocimacro : allowInlineLocal = false : VMs defined inline will be global in scope if allowed.
2023-01-04 05:19:25,540 - Velocimacro : autoload off : VM system will not automatically reload global library macros
2023-01-04 05:19:25,656 - ResourceManager : found main.java.vm with loader org.apache.velocity.runtime.resource.loader.FileResourceLoader
2023-01-04 05:19:25,776 - ResourceManager : found mappingKind.vm with loader org.apache.velocity.runtime.resource.loader.FileResourceLoader
2023-01-04 05:19:25,792 - Velocimacro : added #append(  members parameters ) : source = column.vm
2023-01-04 05:19:25,823 - ResourceManager : found column.vm with loader org.apache.velocity.runtime.resource.loader.FileResourceLoader
2023-01-04 05:19:25,858 - ResourceManager : found mappingKind.vm with loader org.apache.velocity.runtime.resource.loader.FileResourceLoader
2023-01-04 05:19:25,859 - Velocimacro : VM addition rejected : append : inline not allowed to replace existing VM
2023-01-04 05:19:25,859 - Failed to add macro: #append(  members parameters ) : source = column.vm
2023-01-04 05:19:25,866 - ResourceManager : found column.vm with loader org.apache.velocity.runtime.resource.loader.FileResourceLoader
2023-01-04 05:19:25,901 - ResourceManager : found oneToMany.vm with loader org.apache.velocity.runtime.resource.loader.FileResourceLoader
2023-01-04 05:19:25,981 - ResourceManager : found oneToManyMethods.vm with loader org.apache.velocity.runtime.resource.loader.FileResourceLoader
2023-01-04 05:19:26,076 - Log4JLogChute initialized using file 'velocity.log'
2023-01-04 05:19:26,076 - Log4JLogChute initialized using file 'velocity.log'
2023-01-04 05:19:26,076 - Starting Apache Velocity v1.5 (compiled: 2007-02-22 08:52:29)
2023-01-04 05:19:26,076 - Starting Apache Velocity v1.5 (compiled: 2007-02-22 08:52:29)
2023-01-04 05:19:26,076 - Default Properties File: org\apache\velocity\runtime\defaults\velocity.properties
2023-01-04 05:19:26,076 - Default Properties File: org\apache\velocity\runtime\defaults\velocity.properties
2023-01-04 05:19:26,076 - Trying to use logger class org.apache.velocity.runtime.log.AvalonLogChute
2023-01-04 05:19:26,076 - Trying to use logger class org.apache.velocity.runtime.log.AvalonLogChute
2023-01-04 05:19:26,076 - Couldn't find class org.apache.velocity.runtime.log.AvalonLogChute or necessary supporting classes in classpath.
java.lang.NoClassDefFoundError: org/apache/log/format/Formatter
	at java.base/java.lang.Class.forName0(Native Method)
	at java.base/java.lang.Class.forName(Class.java:467)
	at org.apache.velocity.util.ClassUtils.getClass(ClassUtils.java:63)
	at org.apache.velocity.util.ClassUtils.getNewInstance(ClassUtils.java:95)
	at org.apache.velocity.runtime.log.LogManager.createLogChute(LogManager.java:147)
	at org.apache.velocity.runtime.log.LogManager.updateLog(LogManager.java:208)
	at org.apache.velocity.runtime.RuntimeInstance.initializeLog(RuntimeInstance.java:728)
	at org.apache.velocity.runtime.RuntimeInstance.init(RuntimeInstance.java:240)
	at org.apache.velocity.runtime.RuntimeInstance.init(RuntimeInstance.java:534)
	at org.apache.velocity.app.VelocityEngine.init(VelocityEngine.java:144)
	at org.eclipse.jpt.jpa.gen.internal.PackageGenerator.generateClass(PackageGenerator.java:303)
	at org.eclipse.jpt.jpa.gen.internal.PackageGenerator.generateInternal(PackageGenerator.java:132)
	at org.eclipse.jpt.jpa.gen.internal.PackageGenerator.doGenerate(PackageGenerator.java:106)
	at org.eclipse.jpt.jpa.gen.internal.PackageGenerator.generate(PackageGenerator.java:82)
	at org.eclipse.jpt.jpa.ui.internal.wizards.gen.GenerateEntitiesFromSchemaWizard$GenerateEntitiesJob.runInWorkspace(GenerateEntitiesFromSchemaWizard.java:285)
	at org.eclipse.core.internal.resources.InternalWorkspaceJob.run(InternalWorkspaceJob.java:43)
	at org.eclipse.core.internal.jobs.Worker.run(Worker.java:63)
Caused by: java.lang.ClassNotFoundException: org.apache.log.format.Formatter cannot be found by org.apache.velocity_1.5.0.v200905192330
	at org.eclipse.osgi.internal.loader.BundleLoader.generateException(BundleLoader.java:541)
	at org.eclipse.osgi.internal.loader.BundleLoader.findClass0(BundleLoader.java:536)
	at org.eclipse.osgi.internal.loader.BundleLoader.findClass(BundleLoader.java:416)
	at org.eclipse.osgi.internal.loader.ModuleClassLoader.loadClass(ModuleClassLoader.java:168)
	at java.base/java.lang.ClassLoader.loadClass(ClassLoader.java:520)
	... 17 more
2023-01-04 05:19:26,076 - Couldn't find class org.apache.velocity.runtime.log.AvalonLogChute or necessary supporting classes in classpath.
java.lang.NoClassDefFoundError: org/apache/log/format/Formatter
	at java.base/java.lang.Class.forName0(Native Method)
	at java.base/java.lang.Class.forName(Class.java:467)
	at org.apache.velocity.util.ClassUtils.getClass(ClassUtils.java:63)
	at org.apache.velocity.util.ClassUtils.getNewInstance(ClassUtils.java:95)
	at org.apache.velocity.runtime.log.LogManager.createLogChute(LogManager.java:147)
	at org.apache.velocity.runtime.log.LogManager.updateLog(LogManager.java:208)
	at org.apache.velocity.runtime.RuntimeInstance.initializeLog(RuntimeInstance.java:728)
	at org.apache.velocity.runtime.RuntimeInstance.init(RuntimeInstance.java:240)
	at org.apache.velocity.runtime.RuntimeInstance.init(RuntimeInstance.java:534)
	at org.apache.velocity.app.VelocityEngine.init(VelocityEngine.java:144)
	at org.eclipse.jpt.jpa.gen.internal.PackageGenerator.generateClass(PackageGenerator.java:303)
	at org.eclipse.jpt.jpa.gen.internal.PackageGenerator.generateInternal(PackageGenerator.java:132)
	at org.eclipse.jpt.jpa.gen.internal.PackageGenerator.doGenerate(PackageGenerator.java:106)
	at org.eclipse.jpt.jpa.gen.internal.PackageGenerator.generate(PackageGenerator.java:82)
	at org.eclipse.jpt.jpa.ui.internal.wizards.gen.GenerateEntitiesFromSchemaWizard$GenerateEntitiesJob.runInWorkspace(GenerateEntitiesFromSchemaWizard.java:285)
	at org.eclipse.core.internal.resources.InternalWorkspaceJob.run(InternalWorkspaceJob.java:43)
	at org.eclipse.core.internal.jobs.Worker.run(Worker.java:63)
Caused by: java.lang.ClassNotFoundException: org.apache.log.format.Formatter cannot be found by org.apache.velocity_1.5.0.v200905192330
	at org.eclipse.osgi.internal.loader.BundleLoader.generateException(BundleLoader.java:541)
	at org.eclipse.osgi.internal.loader.BundleLoader.findClass0(BundleLoader.java:536)
	at org.eclipse.osgi.internal.loader.BundleLoader.findClass(BundleLoader.java:416)
	at org.eclipse.osgi.internal.loader.ModuleClassLoader.loadClass(ModuleClassLoader.java:168)
	at java.base/java.lang.ClassLoader.loadClass(ClassLoader.java:520)
	... 17 more
2023-01-04 05:19:26,077 - Trying to use logger class org.apache.velocity.runtime.log.Log4JLogChute
2023-01-04 05:19:26,077 - Trying to use logger class org.apache.velocity.runtime.log.Log4JLogChute
2023-01-04 05:19:26,078 - Using logger class org.apache.velocity.runtime.log.Log4JLogChute
2023-01-04 05:19:26,078 - Using logger class org.apache.velocity.runtime.log.Log4JLogChute
2023-01-04 05:19:26,078 - Default ResourceManager initializing. (class org.apache.velocity.runtime.resource.ResourceManagerImpl)
2023-01-04 05:19:26,078 - Default ResourceManager initializing. (class org.apache.velocity.runtime.resource.ResourceManagerImpl)
2023-01-04 05:19:26,078 - ResourceLoader instantiated: org.apache.velocity.runtime.resource.loader.FileResourceLoader
2023-01-04 05:19:26,078 - ResourceLoader instantiated: org.apache.velocity.runtime.resource.loader.FileResourceLoader
2023-01-04 05:19:26,078 - Do unicode file recognition:  false
2023-01-04 05:19:26,078 - Do unicode file recognition:  false
2023-01-04 05:19:26,078 - FileResourceLoader : adding path 'C:\Users\Acer\Desktop\KERETRENDSZERBEADANDO\IDE\eclipse\configuration\org.eclipse.jpt.jpa.gen\templates\entities'
2023-01-04 05:19:26,078 - FileResourceLoader : adding path 'C:\Users\Acer\Desktop\KERETRENDSZERBEADANDO\IDE\eclipse\configuration\org.eclipse.jpt.jpa.gen\templates\entities'
2023-01-04 05:19:26,078 - ResourceCache: initialized (class org.apache.velocity.runtime.resource.ResourceCacheImpl)
2023-01-04 05:19:26,078 - ResourceCache: initialized (class org.apache.velocity.runtime.resource.ResourceCacheImpl)
2023-01-04 05:19:26,078 - Loaded System Directive: org.apache.velocity.runtime.directive.Literal
2023-01-04 05:19:26,078 - Loaded System Directive: org.apache.velocity.runtime.directive.Literal
2023-01-04 05:19:26,079 - Loaded System Directive: org.apache.velocity.runtime.directive.Macro
2023-01-04 05:19:26,079 - Loaded System Directive: org.apache.velocity.runtime.directive.Macro
2023-01-04 05:19:26,080 - Loaded System Directive: org.apache.velocity.runtime.directive.Parse
2023-01-04 05:19:26,080 - Loaded System Directive: org.apache.velocity.runtime.directive.Parse
2023-01-04 05:19:26,080 - Loaded System Directive: org.apache.velocity.runtime.directive.Include
2023-01-04 05:19:26,080 - Loaded System Directive: org.apache.velocity.runtime.directive.Include
2023-01-04 05:19:26,080 - Loaded System Directive: org.apache.velocity.runtime.directive.Foreach
2023-01-04 05:19:26,080 - Loaded System Directive: org.apache.velocity.runtime.directive.Foreach
2023-01-04 05:19:26,081 - Created '20' parsers.
2023-01-04 05:19:26,081 - Created '20' parsers.
2023-01-04 05:19:26,081 - Velocimacro : "velocimacro.library" is not set.  Trying default library: VM_global_library.vm
2023-01-04 05:19:26,081 - Velocimacro : "velocimacro.library" is not set.  Trying default library: VM_global_library.vm
2023-01-04 05:19:26,081 - Velocimacro : Default library not found.
2023-01-04 05:19:26,081 - Velocimacro : Default library not found.
2023-01-04 05:19:26,081 - Velocimacro : allowInline = true : VMs can be defined inline in templates
2023-01-04 05:19:26,081 - Velocimacro : allowInline = true : VMs can be defined inline in templates
2023-01-04 05:19:26,082 - Velocimacro : allowInlineToOverride = false : VMs defined inline may NOT replace previous VM definitions
2023-01-04 05:19:26,082 - Velocimacro : allowInlineToOverride = false : VMs defined inline may NOT replace previous VM definitions
2023-01-04 05:19:26,082 - Velocimacro : allowInlineLocal = false : VMs defined inline will be global in scope if allowed.
2023-01-04 05:19:26,082 - Velocimacro : allowInlineLocal = false : VMs defined inline will be global in scope if allowed.
2023-01-04 05:19:26,082 - Velocimacro : autoload off : VM system will not automatically reload global library macros
2023-01-04 05:19:26,082 - Velocimacro : autoload off : VM system will not automatically reload global library macros
2023-01-04 05:19:26,137 - ResourceManager : found main.java.vm with loader org.apache.velocity.runtime.resource.loader.FileResourceLoader
2023-01-04 05:19:26,137 - ResourceManager : found main.java.vm with loader org.apache.velocity.runtime.resource.loader.FileResourceLoader
2023-01-04 05:19:26,145 - ResourceManager : found mappingKind.vm with loader org.apache.velocity.runtime.resource.loader.FileResourceLoader
2023-01-04 05:19:26,145 - ResourceManager : found mappingKind.vm with loader org.apache.velocity.runtime.resource.loader.FileResourceLoader
2023-01-04 05:19:26,146 - Velocimacro : added #append(  members parameters ) : source = column.vm
2023-01-04 05:19:26,146 - Velocimacro : added #append(  members parameters ) : source = column.vm
2023-01-04 05:19:26,163 - ResourceManager : found column.vm with loader org.apache.velocity.runtime.resource.loader.FileResourceLoader
2023-01-04 05:19:26,163 - ResourceManager : found column.vm with loader org.apache.velocity.runtime.resource.loader.FileResourceLoader
2023-01-04 05:19:26,172 - ResourceManager : found mappingKind.vm with loader org.apache.velocity.runtime.resource.loader.FileResourceLoader
2023-01-04 05:19:26,172 - ResourceManager : found mappingKind.vm with loader org.apache.velocity.runtime.resource.loader.FileResourceLoader
2023-01-04 05:19:26,174 - Velocimacro : VM addition rejected : append : inline not allowed to replace existing VM
2023-01-04 05:19:26,174 - Velocimacro : VM addition rejected : append : inline not allowed to replace existing VM
2023-01-04 05:19:26,174 - Failed to add macro: #append(  members parameters ) : source = column.vm
2023-01-04 05:19:26,174 - Failed to add macro: #append(  members parameters ) : source = column.vm
2023-01-04 05:19:26,180 - ResourceManager : found column.vm with loader org.apache.velocity.runtime.resource.loader.FileResourceLoader
2023-01-04 05:19:26,180 - ResourceManager : found column.vm with loader org.apache.velocity.runtime.resource.loader.FileResourceLoader
2023-01-04 05:19:26,194 - ResourceManager : found manyToOne.vm with loader org.apache.velocity.runtime.resource.loader.FileResourceLoader
2023-01-04 05:19:26,194 - ResourceManager : found manyToOne.vm with loader org.apache.velocity.runtime.resource.loader.FileResourceLoader
2023-01-04 05:19:26,196 - Velocimacro : added #joinColumn(  column referencedColumn ) : source = join.vm
2023-01-04 05:19:26,196 - Velocimacro : added #joinColumn(  column referencedColumn ) : source = join.vm
2023-01-04 05:19:26,212 - ResourceManager : found join.vm with loader org.apache.velocity.runtime.resource.loader.FileResourceLoader
2023-01-04 05:19:26,212 - ResourceManager : found join.vm with loader org.apache.velocity.runtime.resource.loader.FileResourceLoader
2023-01-04 05:19:26,233 - ResourceManager : found manyToOne.vm with loader org.apache.velocity.runtime.resource.loader.FileResourceLoader
2023-01-04 05:19:26,233 - ResourceManager : found manyToOne.vm with loader org.apache.velocity.runtime.resource.loader.FileResourceLoader
2023-01-04 05:19:26,236 - Velocimacro : VM addition rejected : joinColumn : inline not allowed to replace existing VM
2023-01-04 05:19:26,236 - Velocimacro : VM addition rejected : joinColumn : inline not allowed to replace existing VM
2023-01-04 05:19:26,237 - Failed to add macro: #joinColumn(  column referencedColumn ) : source = join.vm
2023-01-04 05:19:26,237 - Failed to add macro: #joinColumn(  column referencedColumn ) : source = join.vm
2023-01-04 05:19:26,244 - ResourceManager : found join.vm with loader org.apache.velocity.runtime.resource.loader.FileResourceLoader
2023-01-04 05:19:26,244 - ResourceManager : found join.vm with loader org.apache.velocity.runtime.resource.loader.FileResourceLoader
2023-01-04 05:19:26,431 - Log4JLogChute initialized using file 'velocity.log'
2023-01-04 05:19:26,431 - Log4JLogChute initialized using file 'velocity.log'
2023-01-04 05:19:26,431 - Log4JLogChute initialized using file 'velocity.log'
2023-01-04 05:19:26,431 - Starting Apache Velocity v1.5 (compiled: 2007-02-22 08:52:29)
2023-01-04 05:19:26,431 - Starting Apache Velocity v1.5 (compiled: 2007-02-22 08:52:29)
2023-01-04 05:19:26,431 - Starting Apache Velocity v1.5 (compiled: 2007-02-22 08:52:29)
2023-01-04 05:19:26,431 - Default Properties File: org\apache\velocity\runtime\defaults\velocity.properties
2023-01-04 05:19:26,431 - Default Properties File: org\apache\velocity\runtime\defaults\velocity.properties
2023-01-04 05:19:26,431 - Default Properties File: org\apache\velocity\runtime\defaults\velocity.properties
2023-01-04 05:19:26,431 - Trying to use logger class org.apache.velocity.runtime.log.AvalonLogChute
2023-01-04 05:19:26,431 - Trying to use logger class org.apache.velocity.runtime.log.AvalonLogChute
2023-01-04 05:19:26,431 - Trying to use logger class org.apache.velocity.runtime.log.AvalonLogChute
2023-01-04 05:19:26,432 - Couldn't find class org.apache.velocity.runtime.log.AvalonLogChute or necessary supporting classes in classpath.
java.lang.NoClassDefFoundError: org/apache/log/format/Formatter
	at java.base/java.lang.Class.forName0(Native Method)
	at java.base/java.lang.Class.forName(Class.java:467)
	at org.apache.velocity.util.ClassUtils.getClass(ClassUtils.java:63)
	at org.apache.velocity.util.ClassUtils.getNewInstance(ClassUtils.java:95)
	at org.apache.velocity.runtime.log.LogManager.createLogChute(LogManager.java:147)
	at org.apache.velocity.runtime.log.LogManager.updateLog(LogManager.java:208)
	at org.apache.velocity.runtime.RuntimeInstance.initializeLog(RuntimeInstance.java:728)
	at org.apache.velocity.runtime.RuntimeInstance.init(RuntimeInstance.java:240)
	at org.apache.velocity.runtime.RuntimeInstance.init(RuntimeInstance.java:534)
	at org.apache.velocity.app.VelocityEngine.init(VelocityEngine.java:144)
	at org.eclipse.jpt.jpa.gen.internal.PackageGenerator.generateClass(PackageGenerator.java:303)
	at org.eclipse.jpt.jpa.gen.internal.PackageGenerator.generateInternal(PackageGenerator.java:132)
	at org.eclipse.jpt.jpa.gen.internal.PackageGenerator.doGenerate(PackageGenerator.java:106)
	at org.eclipse.jpt.jpa.gen.internal.PackageGenerator.generate(PackageGenerator.java:82)
	at org.eclipse.jpt.jpa.ui.internal.wizards.gen.GenerateEntitiesFromSchemaWizard$GenerateEntitiesJob.runInWorkspace(GenerateEntitiesFromSchemaWizard.java:285)
	at org.eclipse.core.internal.resources.InternalWorkspaceJob.run(InternalWorkspaceJob.java:43)
	at org.eclipse.core.internal.jobs.Worker.run(Worker.java:63)
Caused by: java.lang.ClassNotFoundException: org.apache.log.format.Formatter cannot be found by org.apache.velocity_1.5.0.v200905192330
	at org.eclipse.osgi.internal.loader.BundleLoader.generateException(BundleLoader.java:541)
	at org.eclipse.osgi.internal.loader.BundleLoader.findClass0(BundleLoader.java:536)
	at org.eclipse.osgi.internal.loader.BundleLoader.findClass(BundleLoader.java:416)
	at org.eclipse.osgi.internal.loader.ModuleClassLoader.loadClass(ModuleClassLoader.java:168)
	at java.base/java.lang.ClassLoader.loadClass(ClassLoader.java:520)
	... 17 more
2023-01-04 05:19:26,432 - Couldn't find class org.apache.velocity.runtime.log.AvalonLogChute or necessary supporting classes in classpath.
java.lang.NoClassDefFoundError: org/apache/log/format/Formatter
	at java.base/java.lang.Class.forName0(Native Method)
	at java.base/java.lang.Class.forName(Class.java:467)
	at org.apache.velocity.util.ClassUtils.getClass(ClassUtils.java:63)
	at org.apache.velocity.util.ClassUtils.getNewInstance(ClassUtils.java:95)
	at org.apache.velocity.runtime.log.LogManager.createLogChute(LogManager.java:147)
	at org.apache.velocity.runtime.log.LogManager.updateLog(LogManager.java:208)
	at org.apache.velocity.runtime.RuntimeInstance.initializeLog(RuntimeInstance.java:728)
	at org.apache.velocity.runtime.RuntimeInstance.init(RuntimeInstance.java:240)
	at org.apache.velocity.runtime.RuntimeInstance.init(RuntimeInstance.java:534)
	at org.apache.velocity.app.VelocityEngine.init(VelocityEngine.java:144)
	at org.eclipse.jpt.jpa.gen.internal.PackageGenerator.generateClass(PackageGenerator.java:303)
	at org.eclipse.jpt.jpa.gen.internal.PackageGenerator.generateInternal(PackageGenerator.java:132)
	at org.eclipse.jpt.jpa.gen.internal.PackageGenerator.doGenerate(PackageGenerator.java:106)
	at org.eclipse.jpt.jpa.gen.internal.PackageGenerator.generate(PackageGenerator.java:82)
	at org.eclipse.jpt.jpa.ui.internal.wizards.gen.GenerateEntitiesFromSchemaWizard$GenerateEntitiesJob.runInWorkspace(GenerateEntitiesFromSchemaWizard.java:285)
	at org.eclipse.core.internal.resources.InternalWorkspaceJob.run(InternalWorkspaceJob.java:43)
	at org.eclipse.core.internal.jobs.Worker.run(Worker.java:63)
Caused by: java.lang.ClassNotFoundException: org.apache.log.format.Formatter cannot be found by org.apache.velocity_1.5.0.v200905192330
	at org.eclipse.osgi.internal.loader.BundleLoader.generateException(BundleLoader.java:541)
	at org.eclipse.osgi.internal.loader.BundleLoader.findClass0(BundleLoader.java:536)
	at org.eclipse.osgi.internal.loader.BundleLoader.findClass(BundleLoader.java:416)
	at org.eclipse.osgi.internal.loader.ModuleClassLoader.loadClass(ModuleClassLoader.java:168)
	at java.base/java.lang.ClassLoader.loadClass(ClassLoader.java:520)
	... 17 more
2023-01-04 05:19:26,432 - Couldn't find class org.apache.velocity.runtime.log.AvalonLogChute or necessary supporting classes in classpath.
java.lang.NoClassDefFoundError: org/apache/log/format/Formatter
	at java.base/java.lang.Class.forName0(Native Method)
	at java.base/java.lang.Class.forName(Class.java:467)
	at org.apache.velocity.util.ClassUtils.getClass(ClassUtils.java:63)
	at org.apache.velocity.util.ClassUtils.getNewInstance(ClassUtils.java:95)
	at org.apache.velocity.runtime.log.LogManager.createLogChute(LogManager.java:147)
	at org.apache.velocity.runtime.log.LogManager.updateLog(LogManager.java:208)
	at org.apache.velocity.runtime.RuntimeInstance.initializeLog(RuntimeInstance.java:728)
	at org.apache.velocity.runtime.RuntimeInstance.init(RuntimeInstance.java:240)
	at org.apache.velocity.runtime.RuntimeInstance.init(RuntimeInstance.java:534)
	at org.apache.velocity.app.VelocityEngine.init(VelocityEngine.java:144)
	at org.eclipse.jpt.jpa.gen.internal.PackageGenerator.generateClass(PackageGenerator.java:303)
	at org.eclipse.jpt.jpa.gen.internal.PackageGenerator.generateInternal(PackageGenerator.java:132)
	at org.eclipse.jpt.jpa.gen.internal.PackageGenerator.doGenerate(PackageGenerator.java:106)
	at org.eclipse.jpt.jpa.gen.internal.PackageGenerator.generate(PackageGenerator.java:82)
	at org.eclipse.jpt.jpa.ui.internal.wizards.gen.GenerateEntitiesFromSchemaWizard$GenerateEntitiesJob.runInWorkspace(GenerateEntitiesFromSchemaWizard.java:285)
	at org.eclipse.core.internal.resources.InternalWorkspaceJob.run(InternalWorkspaceJob.java:43)
	at org.eclipse.core.internal.jobs.Worker.run(Worker.java:63)
Caused by: java.lang.ClassNotFoundException: org.apache.log.format.Formatter cannot be found by org.apache.velocity_1.5.0.v200905192330
	at org.eclipse.osgi.internal.loader.BundleLoader.generateException(BundleLoader.java:541)
	at org.eclipse.osgi.internal.loader.BundleLoader.findClass0(BundleLoader.java:536)
	at org.eclipse.osgi.internal.loader.BundleLoader.findClass(BundleLoader.java:416)
	at org.eclipse.osgi.internal.loader.ModuleClassLoader.loadClass(ModuleClassLoader.java:168)
	at java.base/java.lang.ClassLoader.loadClass(ClassLoader.java:520)
	... 17 more
2023-01-04 05:19:26,433 - Trying to use logger class org.apache.velocity.runtime.log.Log4JLogChute
2023-01-04 05:19:26,433 - Trying to use logger class org.apache.velocity.runtime.log.Log4JLogChute
2023-01-04 05:19:26,433 - Trying to use logger class org.apache.velocity.runtime.log.Log4JLogChute
2023-01-04 05:19:26,437 - Using logger class org.apache.velocity.runtime.log.Log4JLogChute
2023-01-04 05:19:26,437 - Using logger class org.apache.velocity.runtime.log.Log4JLogChute
2023-01-04 05:19:26,437 - Using logger class org.apache.velocity.runtime.log.Log4JLogChute
2023-01-04 05:19:26,437 - Default ResourceManager initializing. (class org.apache.velocity.runtime.resource.ResourceManagerImpl)
2023-01-04 05:19:26,437 - Default ResourceManager initializing. (class org.apache.velocity.runtime.resource.ResourceManagerImpl)
2023-01-04 05:19:26,437 - Default ResourceManager initializing. (class org.apache.velocity.runtime.resource.ResourceManagerImpl)
2023-01-04 05:19:26,438 - ResourceLoader instantiated: org.apache.velocity.runtime.resource.loader.FileResourceLoader
2023-01-04 05:19:26,438 - ResourceLoader instantiated: org.apache.velocity.runtime.resource.loader.FileResourceLoader
2023-01-04 05:19:26,438 - ResourceLoader instantiated: org.apache.velocity.runtime.resource.loader.FileResourceLoader
2023-01-04 05:19:26,438 - Do unicode file recognition:  false
2023-01-04 05:19:26,438 - Do unicode file recognition:  false
2023-01-04 05:19:26,438 - Do unicode file recognition:  false
2023-01-04 05:19:26,438 - FileResourceLoader : adding path 'C:\Users\Acer\Desktop\KERETRENDSZERBEADANDO\IDE\eclipse\configuration\org.eclipse.jpt.jpa.gen\templates\entities'
2023-01-04 05:19:26,438 - FileResourceLoader : adding path 'C:\Users\Acer\Desktop\KERETRENDSZERBEADANDO\IDE\eclipse\configuration\org.eclipse.jpt.jpa.gen\templates\entities'
2023-01-04 05:19:26,438 - FileResourceLoader : adding path 'C:\Users\Acer\Desktop\KERETRENDSZERBEADANDO\IDE\eclipse\configuration\org.eclipse.jpt.jpa.gen\templates\entities'
2023-01-04 05:19:26,438 - ResourceCache: initialized (class org.apache.velocity.runtime.resource.ResourceCacheImpl)
2023-01-04 05:19:26,438 - ResourceCache: initialized (class org.apache.velocity.runtime.resource.ResourceCacheImpl)
2023-01-04 05:19:26,438 - ResourceCache: initialized (class org.apache.velocity.runtime.resource.ResourceCacheImpl)
2023-01-04 05:19:26,438 - Loaded System Directive: org.apache.velocity.runtime.directive.Literal
2023-01-04 05:19:26,438 - Loaded System Directive: org.apache.velocity.runtime.directive.Literal
2023-01-04 05:19:26,438 - Loaded System Directive: org.apache.velocity.runtime.directive.Literal
2023-01-04 05:19:26,438 - Loaded System Directive: org.apache.velocity.runtime.directive.Macro
2023-01-04 05:19:26,438 - Loaded System Directive: org.apache.velocity.runtime.directive.Macro
2023-01-04 05:19:26,438 - Loaded System Directive: org.apache.velocity.runtime.directive.Macro
2023-01-04 05:19:26,438 - Loaded System Directive: org.apache.velocity.runtime.directive.Parse
2023-01-04 05:19:26,438 - Loaded System Directive: org.apache.velocity.runtime.directive.Parse
2023-01-04 05:19:26,438 - Loaded System Directive: org.apache.velocity.runtime.directive.Parse
2023-01-04 05:19:26,438 - Loaded System Directive: org.apache.velocity.runtime.directive.Include
2023-01-04 05:19:26,438 - Loaded System Directive: org.apache.velocity.runtime.directive.Include
2023-01-04 05:19:26,438 - Loaded System Directive: org.apache.velocity.runtime.directive.Include
2023-01-04 05:19:26,438 - Loaded System Directive: org.apache.velocity.runtime.directive.Foreach
2023-01-04 05:19:26,438 - Loaded System Directive: org.apache.velocity.runtime.directive.Foreach
2023-01-04 05:19:26,438 - Loaded System Directive: org.apache.velocity.runtime.directive.Foreach
2023-01-04 05:19:26,439 - Created '20' parsers.
2023-01-04 05:19:26,439 - Created '20' parsers.
2023-01-04 05:19:26,439 - Created '20' parsers.
2023-01-04 05:19:26,440 - Velocimacro : "velocimacro.library" is not set.  Trying default library: VM_global_library.vm
2023-01-04 05:19:26,440 - Velocimacro : "velocimacro.library" is not set.  Trying default library: VM_global_library.vm
2023-01-04 05:19:26,440 - Velocimacro : "velocimacro.library" is not set.  Trying default library: VM_global_library.vm
2023-01-04 05:19:26,440 - Velocimacro : Default library not found.
2023-01-04 05:19:26,440 - Velocimacro : Default library not found.
2023-01-04 05:19:26,440 - Velocimacro : Default library not found.
2023-01-04 05:19:26,440 - Velocimacro : allowInline = true : VMs can be defined inline in templates
2023-01-04 05:19:26,440 - Velocimacro : allowInline = true : VMs can be defined inline in templates
2023-01-04 05:19:26,440 - Velocimacro : allowInline = true : VMs can be defined inline in templates
2023-01-04 05:19:26,440 - Velocimacro : allowInlineToOverride = false : VMs defined inline may NOT replace previous VM definitions
2023-01-04 05:19:26,440 - Velocimacro : allowInlineToOverride = false : VMs defined inline may NOT replace previous VM definitions
2023-01-04 05:19:26,440 - Velocimacro : allowInlineToOverride = false : VMs defined inline may NOT replace previous VM definitions
2023-01-04 05:19:26,440 - Velocimacro : allowInlineLocal = false : VMs defined inline will be global in scope if allowed.
2023-01-04 05:19:26,440 - Velocimacro : allowInlineLocal = false : VMs defined inline will be global in scope if allowed.
2023-01-04 05:19:26,440 - Velocimacro : allowInlineLocal = false : VMs defined inline will be global in scope if allowed.
2023-01-04 05:19:26,440 - Velocimacro : autoload off : VM system will not automatically reload global library macros
2023-01-04 05:19:26,440 - Velocimacro : autoload off : VM system will not automatically reload global library macros
2023-01-04 05:19:26,440 - Velocimacro : autoload off : VM system will not automatically reload global library macros
2023-01-04 05:19:26,462 - ResourceManager : found main.java.vm with loader org.apache.velocity.runtime.resource.loader.FileResourceLoader
2023-01-04 05:19:26,462 - ResourceManager : found main.java.vm with loader org.apache.velocity.runtime.resource.loader.FileResourceLoader
2023-01-04 05:19:26,462 - ResourceManager : found main.java.vm with loader org.apache.velocity.runtime.resource.loader.FileResourceLoader
2023-01-04 05:19:26,482 - ResourceManager : found mappingKind.vm with loader org.apache.velocity.runtime.resource.loader.FileResourceLoader
2023-01-04 05:19:26,482 - ResourceManager : found mappingKind.vm with loader org.apache.velocity.runtime.resource.loader.FileResourceLoader
2023-01-04 05:19:26,482 - ResourceManager : found mappingKind.vm with loader org.apache.velocity.runtime.resource.loader.FileResourceLoader
2023-01-04 05:19:26,483 - Velocimacro : added #append(  members parameters ) : source = column.vm
2023-01-04 05:19:26,483 - Velocimacro : added #append(  members parameters ) : source = column.vm
2023-01-04 05:19:26,483 - Velocimacro : added #append(  members parameters ) : source = column.vm
2023-01-04 05:19:26,491 - ResourceManager : found column.vm with loader org.apache.velocity.runtime.resource.loader.FileResourceLoader
2023-01-04 05:19:26,491 - ResourceManager : found column.vm with loader org.apache.velocity.runtime.resource.loader.FileResourceLoader
2023-01-04 05:19:26,491 - ResourceManager : found column.vm with loader org.apache.velocity.runtime.resource.loader.FileResourceLoader
2023-01-04 05:19:26,496 - ResourceManager : found mappingKind.vm with loader org.apache.velocity.runtime.resource.loader.FileResourceLoader
2023-01-04 05:19:26,496 - ResourceManager : found mappingKind.vm with loader org.apache.velocity.runtime.resource.loader.FileResourceLoader
2023-01-04 05:19:26,496 - ResourceManager : found mappingKind.vm with loader org.apache.velocity.runtime.resource.loader.FileResourceLoader
2023-01-04 05:19:26,498 - Velocimacro : VM addition rejected : append : inline not allowed to replace existing VM
2023-01-04 05:19:26,498 - Velocimacro : VM addition rejected : append : inline not allowed to replace existing VM
2023-01-04 05:19:26,498 - Velocimacro : VM addition rejected : append : inline not allowed to replace existing VM
2023-01-04 05:19:26,498 - Failed to add macro: #append(  members parameters ) : source = column.vm
2023-01-04 05:19:26,498 - Failed to add macro: #append(  members parameters ) : source = column.vm
2023-01-04 05:19:26,498 - Failed to add macro: #append(  members parameters ) : source = column.vm
2023-01-04 05:19:26,510 - ResourceManager : found column.vm with loader org.apache.velocity.runtime.resource.loader.FileResourceLoader
2023-01-04 05:19:26,510 - ResourceManager : found column.vm with loader org.apache.velocity.runtime.resource.loader.FileResourceLoader
2023-01-04 05:19:26,510 - ResourceManager : found column.vm with loader org.apache.velocity.runtime.resource.loader.FileResourceLoader
2023-01-04 05:19:26,514 - ResourceManager : found mappingKind.vm with loader org.apache.velocity.runtime.resource.loader.FileResourceLoader
2023-01-04 05:19:26,514 - ResourceManager : found mappingKind.vm with loader org.apache.velocity.runtime.resource.loader.FileResourceLoader
2023-01-04 05:19:26,514 - ResourceManager : found mappingKind.vm with loader org.apache.velocity.runtime.resource.loader.FileResourceLoader
2023-01-04 05:19:26,515 - Velocimacro : VM addition rejected : append : inline not allowed to replace existing VM
2023-01-04 05:19:26,515 - Velocimacro : VM addition rejected : append : inline not allowed to replace existing VM
2023-01-04 05:19:26,515 - Velocimacro : VM addition rejected : append : inline not allowed to replace existing VM
2023-01-04 05:19:26,515 - Failed to add macro: #append(  members parameters ) : source = column.vm
2023-01-04 05:19:26,515 - Failed to add macro: #append(  members parameters ) : source = column.vm
2023-01-04 05:19:26,515 - Failed to add macro: #append(  members parameters ) : source = column.vm
2023-01-04 05:19:26,534 - ResourceManager : found column.vm with loader org.apache.velocity.runtime.resource.loader.FileResourceLoader
2023-01-04 05:19:26,534 - ResourceManager : found column.vm with loader org.apache.velocity.runtime.resource.loader.FileResourceLoader
2023-01-04 05:19:26,534 - ResourceManager : found column.vm with loader org.apache.velocity.runtime.resource.loader.FileResourceLoader
2023-01-04 05:19:26,539 - ResourceManager : found mappingKind.vm with loader org.apache.velocity.runtime.resource.loader.FileResourceLoader
2023-01-04 05:19:26,539 - ResourceManager : found mappingKind.vm with loader org.apache.velocity.runtime.resource.loader.FileResourceLoader
2023-01-04 05:19:26,539 - ResourceManager : found mappingKind.vm with loader org.apache.velocity.runtime.resource.loader.FileResourceLoader
2023-01-04 05:19:26,540 - Velocimacro : VM addition rejected : append : inline not allowed to replace existing VM
2023-01-04 05:19:26,540 - Velocimacro : VM addition rejected : append : inline not allowed to replace existing VM
2023-01-04 05:19:26,540 - Velocimacro : VM addition rejected : append : inline not allowed to replace existing VM
2023-01-04 05:19:26,540 - Failed to add macro: #append(  members parameters ) : source = column.vm
2023-01-04 05:19:26,540 - Failed to add macro: #append(  members parameters ) : source = column.vm
2023-01-04 05:19:26,540 - Failed to add macro: #append(  members parameters ) : source = column.vm
2023-01-04 05:19:26,547 - ResourceManager : found column.vm with loader org.apache.velocity.runtime.resource.loader.FileResourceLoader
2023-01-04 05:19:26,547 - ResourceManager : found column.vm with loader org.apache.velocity.runtime.resource.loader.FileResourceLoader
2023-01-04 05:19:26,547 - ResourceManager : found column.vm with loader org.apache.velocity.runtime.resource.loader.FileResourceLoader
2023-01-04 05:19:26,550 - ResourceManager : found mappingKind.vm with loader org.apache.velocity.runtime.resource.loader.FileResourceLoader
2023-01-04 05:19:26,550 - ResourceManager : found mappingKind.vm with loader org.apache.velocity.runtime.resource.loader.FileResourceLoader
2023-01-04 05:19:26,550 - ResourceManager : found mappingKind.vm with loader org.apache.velocity.runtime.resource.loader.FileResourceLoader
2023-01-04 05:19:26,551 - Velocimacro : VM addition rejected : append : inline not allowed to replace existing VM
2023-01-04 05:19:26,551 - Velocimacro : VM addition rejected : append : inline not allowed to replace existing VM
2023-01-04 05:19:26,551 - Velocimacro : VM addition rejected : append : inline not allowed to replace existing VM
2023-01-04 05:19:26,551 - Failed to add macro: #append(  members parameters ) : source = column.vm
2023-01-04 05:19:26,551 - Failed to add macro: #append(  members parameters ) : source = column.vm
2023-01-04 05:19:26,551 - Failed to add macro: #append(  members parameters ) : source = column.vm
2023-01-04 05:19:26,557 - ResourceManager : found column.vm with loader org.apache.velocity.runtime.resource.loader.FileResourceLoader
2023-01-04 05:19:26,557 - ResourceManager : found column.vm with loader org.apache.velocity.runtime.resource.loader.FileResourceLoader
2023-01-04 05:19:26,557 - ResourceManager : found column.vm with loader org.apache.velocity.runtime.resource.loader.FileResourceLoader
2023-01-04 05:19:26,561 - ResourceManager : found oneToMany.vm with loader org.apache.velocity.runtime.resource.loader.FileResourceLoader
2023-01-04 05:19:26,561 - ResourceManager : found oneToMany.vm with loader org.apache.velocity.runtime.resource.loader.FileResourceLoader
2023-01-04 05:19:26,561 - ResourceManager : found oneToMany.vm with loader org.apache.velocity.runtime.resource.loader.FileResourceLoader
2023-01-04 05:19:26,569 - ResourceManager : found oneToManyMethods.vm with loader org.apache.velocity.runtime.resource.loader.FileResourceLoader
2023-01-04 05:19:26,569 - ResourceManager : found oneToManyMethods.vm with loader org.apache.velocity.runtime.resource.loader.FileResourceLoader
2023-01-04 05:19:26,569 - ResourceManager : found oneToManyMethods.vm with loader org.apache.velocity.runtime.resource.loader.FileResourceLoader
2023-01-04 05:19:26,837 - Log4JLogChute initialized using file 'velocity.log'
2023-01-04 05:19:26,837 - Log4JLogChute initialized using file 'velocity.log'
2023-01-04 05:19:26,837 - Log4JLogChute initialized using file 'velocity.log'
2023-01-04 05:19:26,837 - Log4JLogChute initialized using file 'velocity.log'
2023-01-04 05:19:26,838 - Starting Apache Velocity v1.5 (compiled: 2007-02-22 08:52:29)
2023-01-04 05:19:26,838 - Starting Apache Velocity v1.5 (compiled: 2007-02-22 08:52:29)
2023-01-04 05:19:26,838 - Starting Apache Velocity v1.5 (compiled: 2007-02-22 08:52:29)
2023-01-04 05:19:26,838 - Starting Apache Velocity v1.5 (compiled: 2007-02-22 08:52:29)
2023-01-04 05:19:26,846 - Default Properties File: org\apache\velocity\runtime\defaults\velocity.properties
2023-01-04 05:19:26,846 - Default Properties File: org\apache\velocity\runtime\defaults\velocity.properties
2023-01-04 05:19:26,846 - Default Properties File: org\apache\velocity\runtime\defaults\velocity.properties
2023-01-04 05:19:26,846 - Default Properties File: org\apache\velocity\runtime\defaults\velocity.properties
2023-01-04 05:19:26,846 - Trying to use logger class org.apache.velocity.runtime.log.AvalonLogChute
2023-01-04 05:19:26,846 - Trying to use logger class org.apache.velocity.runtime.log.AvalonLogChute
2023-01-04 05:19:26,846 - Trying to use logger class org.apache.velocity.runtime.log.AvalonLogChute
2023-01-04 05:19:26,846 - Trying to use logger class org.apache.velocity.runtime.log.AvalonLogChute
2023-01-04 05:19:26,846 - Couldn't find class org.apache.velocity.runtime.log.AvalonLogChute or necessary supporting classes in classpath.
java.lang.NoClassDefFoundError: org/apache/log/format/Formatter
	at java.base/java.lang.Class.forName0(Native Method)
	at java.base/java.lang.Class.forName(Class.java:467)
	at org.apache.velocity.util.ClassUtils.getClass(ClassUtils.java:63)
	at org.apache.velocity.util.ClassUtils.getNewInstance(ClassUtils.java:95)
	at org.apache.velocity.runtime.log.LogManager.createLogChute(LogManager.java:147)
	at org.apache.velocity.runtime.log.LogManager.updateLog(LogManager.java:208)
	at org.apache.velocity.runtime.RuntimeInstance.initializeLog(RuntimeInstance.java:728)
	at org.apache.velocity.runtime.RuntimeInstance.init(RuntimeInstance.java:240)
	at org.apache.velocity.runtime.RuntimeInstance.init(RuntimeInstance.java:534)
	at org.apache.velocity.app.VelocityEngine.init(VelocityEngine.java:144)
	at org.eclipse.jpt.jpa.gen.internal.PackageGenerator.generateClass(PackageGenerator.java:303)
	at org.eclipse.jpt.jpa.gen.internal.PackageGenerator.generateInternal(PackageGenerator.java:132)
	at org.eclipse.jpt.jpa.gen.internal.PackageGenerator.doGenerate(PackageGenerator.java:106)
	at org.eclipse.jpt.jpa.gen.internal.PackageGenerator.generate(PackageGenerator.java:82)
	at org.eclipse.jpt.jpa.ui.internal.wizards.gen.GenerateEntitiesFromSchemaWizard$GenerateEntitiesJob.runInWorkspace(GenerateEntitiesFromSchemaWizard.java:285)
	at org.eclipse.core.internal.resources.InternalWorkspaceJob.run(InternalWorkspaceJob.java:43)
	at org.eclipse.core.internal.jobs.Worker.run(Worker.java:63)
Caused by: java.lang.ClassNotFoundException: org.apache.log.format.Formatter cannot be found by org.apache.velocity_1.5.0.v200905192330
	at org.eclipse.osgi.internal.loader.BundleLoader.generateException(BundleLoader.java:541)
	at org.eclipse.osgi.internal.loader.BundleLoader.findClass0(BundleLoader.java:536)
	at org.eclipse.osgi.internal.loader.BundleLoader.findClass(BundleLoader.java:416)
	at org.eclipse.osgi.internal.loader.ModuleClassLoader.loadClass(ModuleClassLoader.java:168)
	at java.base/java.lang.ClassLoader.loadClass(ClassLoader.java:520)
	... 17 more
2023-01-04 05:19:26,846 - Couldn't find class org.apache.velocity.runtime.log.AvalonLogChute or necessary supporting classes in classpath.
java.lang.NoClassDefFoundError: org/apache/log/format/Formatter
	at java.base/java.lang.Class.forName0(Native Method)
	at java.base/java.lang.Class.forName(Class.java:467)
	at org.apache.velocity.util.ClassUtils.getClass(ClassUtils.java:63)
	at org.apache.velocity.util.ClassUtils.getNewInstance(ClassUtils.java:95)
	at org.apache.velocity.runtime.log.LogManager.createLogChute(LogManager.java:147)
	at org.apache.velocity.runtime.log.LogManager.updateLog(LogManager.java:208)
	at org.apache.velocity.runtime.RuntimeInstance.initializeLog(RuntimeInstance.java:728)
	at org.apache.velocity.runtime.RuntimeInstance.init(RuntimeInstance.java:240)
	at org.apache.velocity.runtime.RuntimeInstance.init(RuntimeInstance.java:534)
	at org.apache.velocity.app.VelocityEngine.init(VelocityEngine.java:144)
	at org.eclipse.jpt.jpa.gen.internal.PackageGenerator.generateClass(PackageGenerator.java:303)
	at org.eclipse.jpt.jpa.gen.internal.PackageGenerator.generateInternal(PackageGenerator.java:132)
	at org.eclipse.jpt.jpa.gen.internal.PackageGenerator.doGenerate(PackageGenerator.java:106)
	at org.eclipse.jpt.jpa.gen.internal.PackageGenerator.generate(PackageGenerator.java:82)
	at org.eclipse.jpt.jpa.ui.internal.wizards.gen.GenerateEntitiesFromSchemaWizard$GenerateEntitiesJob.runInWorkspace(GenerateEntitiesFromSchemaWizard.java:285)
	at org.eclipse.core.internal.resources.InternalWorkspaceJob.run(InternalWorkspaceJob.java:43)
	at org.eclipse.core.internal.jobs.Worker.run(Worker.java:63)
Caused by: java.lang.ClassNotFoundException: org.apache.log.format.Formatter cannot be found by org.apache.velocity_1.5.0.v200905192330
	at org.eclipse.osgi.internal.loader.BundleLoader.generateException(BundleLoader.java:541)
	at org.eclipse.osgi.internal.loader.BundleLoader.findClass0(BundleLoader.java:536)
	at org.eclipse.osgi.internal.loader.BundleLoader.findClass(BundleLoader.java:416)
	at org.eclipse.osgi.internal.loader.ModuleClassLoader.loadClass(ModuleClassLoader.java:168)
	at java.base/java.lang.ClassLoader.loadClass(ClassLoader.java:520)
	... 17 more
2023-01-04 05:19:26,846 - Couldn't find class org.apache.velocity.runtime.log.AvalonLogChute or necessary supporting classes in classpath.
java.lang.NoClassDefFoundError: org/apache/log/format/Formatter
	at java.base/java.lang.Class.forName0(Native Method)
	at java.base/java.lang.Class.forName(Class.java:467)
	at org.apache.velocity.util.ClassUtils.getClass(ClassUtils.java:63)
	at org.apache.velocity.util.ClassUtils.getNewInstance(ClassUtils.java:95)
	at org.apache.velocity.runtime.log.LogManager.createLogChute(LogManager.java:147)
	at org.apache.velocity.runtime.log.LogManager.updateLog(LogManager.java:208)
	at org.apache.velocity.runtime.RuntimeInstance.initializeLog(RuntimeInstance.java:728)
	at org.apache.velocity.runtime.RuntimeInstance.init(RuntimeInstance.java:240)
	at org.apache.velocity.runtime.RuntimeInstance.init(RuntimeInstance.java:534)
	at org.apache.velocity.app.VelocityEngine.init(VelocityEngine.java:144)
	at org.eclipse.jpt.jpa.gen.internal.PackageGenerator.generateClass(PackageGenerator.java:303)
	at org.eclipse.jpt.jpa.gen.internal.PackageGenerator.generateInternal(PackageGenerator.java:132)
	at org.eclipse.jpt.jpa.gen.internal.PackageGenerator.doGenerate(PackageGenerator.java:106)
	at org.eclipse.jpt.jpa.gen.internal.PackageGenerator.generate(PackageGenerator.java:82)
	at org.eclipse.jpt.jpa.ui.internal.wizards.gen.GenerateEntitiesFromSchemaWizard$GenerateEntitiesJob.runInWorkspace(GenerateEntitiesFromSchemaWizard.java:285)
	at org.eclipse.core.internal.resources.InternalWorkspaceJob.run(InternalWorkspaceJob.java:43)
	at org.eclipse.core.internal.jobs.Worker.run(Worker.java:63)
Caused by: java.lang.ClassNotFoundException: org.apache.log.format.Formatter cannot be found by org.apache.velocity_1.5.0.v200905192330
	at org.eclipse.osgi.internal.loader.BundleLoader.generateException(BundleLoader.java:541)
	at org.eclipse.osgi.internal.loader.BundleLoader.findClass0(BundleLoader.java:536)
	at org.eclipse.osgi.internal.loader.BundleLoader.findClass(BundleLoader.java:416)
	at org.eclipse.osgi.internal.loader.ModuleClassLoader.loadClass(ModuleClassLoader.java:168)
	at java.base/java.lang.ClassLoader.loadClass(ClassLoader.java:520)
	... 17 more
2023-01-04 05:19:26,846 - Couldn't find class org.apache.velocity.runtime.log.AvalonLogChute or necessary supporting classes in classpath.
java.lang.NoClassDefFoundError: org/apache/log/format/Formatter
	at java.base/java.lang.Class.forName0(Native Method)
	at java.base/java.lang.Class.forName(Class.java:467)
	at org.apache.velocity.util.ClassUtils.getClass(ClassUtils.java:63)
	at org.apache.velocity.util.ClassUtils.getNewInstance(ClassUtils.java:95)
	at org.apache.velocity.runtime.log.LogManager.createLogChute(LogManager.java:147)
	at org.apache.velocity.runtime.log.LogManager.updateLog(LogManager.java:208)
	at org.apache.velocity.runtime.RuntimeInstance.initializeLog(RuntimeInstance.java:728)
	at org.apache.velocity.runtime.RuntimeInstance.init(RuntimeInstance.java:240)
	at org.apache.velocity.runtime.RuntimeInstance.init(RuntimeInstance.java:534)
	at org.apache.velocity.app.VelocityEngine.init(VelocityEngine.java:144)
	at org.eclipse.jpt.jpa.gen.internal.PackageGenerator.generateClass(PackageGenerator.java:303)
	at org.eclipse.jpt.jpa.gen.internal.PackageGenerator.generateInternal(PackageGenerator.java:132)
	at org.eclipse.jpt.jpa.gen.internal.PackageGenerator.doGenerate(PackageGenerator.java:106)
	at org.eclipse.jpt.jpa.gen.internal.PackageGenerator.generate(PackageGenerator.java:82)
	at org.eclipse.jpt.jpa.ui.internal.wizards.gen.GenerateEntitiesFromSchemaWizard$GenerateEntitiesJob.runInWorkspace(GenerateEntitiesFromSchemaWizard.java:285)
	at org.eclipse.core.internal.resources.InternalWorkspaceJob.run(InternalWorkspaceJob.java:43)
	at org.eclipse.core.internal.jobs.Worker.run(Worker.java:63)
Caused by: java.lang.ClassNotFoundException: org.apache.log.format.Formatter cannot be found by org.apache.velocity_1.5.0.v200905192330
	at org.eclipse.osgi.internal.loader.BundleLoader.generateException(BundleLoader.java:541)
	at org.eclipse.osgi.internal.loader.BundleLoader.findClass0(BundleLoader.java:536)
	at org.eclipse.osgi.internal.loader.BundleLoader.findClass(BundleLoader.java:416)
	at org.eclipse.osgi.internal.loader.ModuleClassLoader.loadClass(ModuleClassLoader.java:168)
	at java.base/java.lang.ClassLoader.loadClass(ClassLoader.java:520)
	... 17 more
2023-01-04 05:19:26,847 - Trying to use logger class org.apache.velocity.runtime.log.Log4JLogChute
2023-01-04 05:19:26,847 - Trying to use logger class org.apache.velocity.runtime.log.Log4JLogChute
2023-01-04 05:19:26,847 - Trying to use logger class org.apache.velocity.runtime.log.Log4JLogChute
2023-01-04 05:19:26,847 - Trying to use logger class org.apache.velocity.runtime.log.Log4JLogChute
2023-01-04 05:19:26,847 - Using logger class org.apache.velocity.runtime.log.Log4JLogChute
2023-01-04 05:19:26,847 - Using logger class org.apache.velocity.runtime.log.Log4JLogChute
2023-01-04 05:19:26,847 - Using logger class org.apache.velocity.runtime.log.Log4JLogChute
2023-01-04 05:19:26,847 - Using logger class org.apache.velocity.runtime.log.Log4JLogChute
2023-01-04 05:19:26,847 - Default ResourceManager initializing. (class org.apache.velocity.runtime.resource.ResourceManagerImpl)
2023-01-04 05:19:26,847 - Default ResourceManager initializing. (class org.apache.velocity.runtime.resource.ResourceManagerImpl)
2023-01-04 05:19:26,847 - Default ResourceManager initializing. (class org.apache.velocity.runtime.resource.ResourceManagerImpl)
2023-01-04 05:19:26,847 - Default ResourceManager initializing. (class org.apache.velocity.runtime.resource.ResourceManagerImpl)
2023-01-04 05:19:26,847 - ResourceLoader instantiated: org.apache.velocity.runtime.resource.loader.FileResourceLoader
2023-01-04 05:19:26,847 - ResourceLoader instantiated: org.apache.velocity.runtime.resource.loader.FileResourceLoader
2023-01-04 05:19:26,847 - ResourceLoader instantiated: org.apache.velocity.runtime.resource.loader.FileResourceLoader
2023-01-04 05:19:26,847 - ResourceLoader instantiated: org.apache.velocity.runtime.resource.loader.FileResourceLoader
2023-01-04 05:19:26,848 - Do unicode file recognition:  false
2023-01-04 05:19:26,848 - Do unicode file recognition:  false
2023-01-04 05:19:26,848 - Do unicode file recognition:  false
2023-01-04 05:19:26,848 - Do unicode file recognition:  false
2023-01-04 05:19:26,848 - FileResourceLoader : adding path 'C:\Users\Acer\Desktop\KERETRENDSZERBEADANDO\IDE\eclipse\configuration\org.eclipse.jpt.jpa.gen\templates\entities'
2023-01-04 05:19:26,848 - FileResourceLoader : adding path 'C:\Users\Acer\Desktop\KERETRENDSZERBEADANDO\IDE\eclipse\configuration\org.eclipse.jpt.jpa.gen\templates\entities'
2023-01-04 05:19:26,848 - FileResourceLoader : adding path 'C:\Users\Acer\Desktop\KERETRENDSZERBEADANDO\IDE\eclipse\configuration\org.eclipse.jpt.jpa.gen\templates\entities'
2023-01-04 05:19:26,848 - FileResourceLoader : adding path 'C:\Users\Acer\Desktop\KERETRENDSZERBEADANDO\IDE\eclipse\configuration\org.eclipse.jpt.jpa.gen\templates\entities'
2023-01-04 05:19:26,848 - ResourceCache: initialized (class org.apache.velocity.runtime.resource.ResourceCacheImpl)
2023-01-04 05:19:26,848 - ResourceCache: initialized (class org.apache.velocity.runtime.resource.ResourceCacheImpl)
2023-01-04 05:19:26,848 - ResourceCache: initialized (class org.apache.velocity.runtime.resource.ResourceCacheImpl)
2023-01-04 05:19:26,848 - ResourceCache: initialized (class org.apache.velocity.runtime.resource.ResourceCacheImpl)
2023-01-04 05:19:26,848 - Loaded System Directive: org.apache.velocity.runtime.directive.Literal
2023-01-04 05:19:26,848 - Loaded System Directive: org.apache.velocity.runtime.directive.Literal
2023-01-04 05:19:26,848 - Loaded System Directive: org.apache.velocity.runtime.directive.Literal
2023-01-04 05:19:26,848 - Loaded System Directive: org.apache.velocity.runtime.directive.Literal
2023-01-04 05:19:26,849 - Loaded System Directive: org.apache.velocity.runtime.directive.Macro
2023-01-04 05:19:26,849 - Loaded System Directive: org.apache.velocity.runtime.directive.Macro
2023-01-04 05:19:26,849 - Loaded System Directive: org.apache.velocity.runtime.directive.Macro
2023-01-04 05:19:26,849 - Loaded System Directive: org.apache.velocity.runtime.directive.Macro
2023-01-04 05:19:26,849 - Loaded System Directive: org.apache.velocity.runtime.directive.Parse
2023-01-04 05:19:26,849 - Loaded System Directive: org.apache.velocity.runtime.directive.Parse
2023-01-04 05:19:26,849 - Loaded System Directive: org.apache.velocity.runtime.directive.Parse
2023-01-04 05:19:26,849 - Loaded System Directive: org.apache.velocity.runtime.directive.Parse
2023-01-04 05:19:26,849 - Loaded System Directive: org.apache.velocity.runtime.directive.Include
2023-01-04 05:19:26,849 - Loaded System Directive: org.apache.velocity.runtime.directive.Include
2023-01-04 05:19:26,849 - Loaded System Directive: org.apache.velocity.runtime.directive.Include
2023-01-04 05:19:26,849 - Loaded System Directive: org.apache.velocity.runtime.directive.Include
2023-01-04 05:19:26,849 - Loaded System Directive: org.apache.velocity.runtime.directive.Foreach
2023-01-04 05:19:26,849 - Loaded System Directive: org.apache.velocity.runtime.directive.Foreach
2023-01-04 05:19:26,849 - Loaded System Directive: org.apache.velocity.runtime.directive.Foreach
2023-01-04 05:19:26,849 - Loaded System Directive: org.apache.velocity.runtime.directive.Foreach
2023-01-04 05:19:26,850 - Created '20' parsers.
2023-01-04 05:19:26,850 - Created '20' parsers.
2023-01-04 05:19:26,850 - Created '20' parsers.
2023-01-04 05:19:26,850 - Created '20' parsers.
2023-01-04 05:19:26,850 - Velocimacro : "velocimacro.library" is not set.  Trying default library: VM_global_library.vm
2023-01-04 05:19:26,850 - Velocimacro : "velocimacro.library" is not set.  Trying default library: VM_global_library.vm
2023-01-04 05:19:26,850 - Velocimacro : "velocimacro.library" is not set.  Trying default library: VM_global_library.vm
2023-01-04 05:19:26,850 - Velocimacro : "velocimacro.library" is not set.  Trying default library: VM_global_library.vm
2023-01-04 05:19:26,851 - Velocimacro : Default library not found.
2023-01-04 05:19:26,851 - Velocimacro : Default library not found.
2023-01-04 05:19:26,851 - Velocimacro : Default library not found.
2023-01-04 05:19:26,851 - Velocimacro : Default library not found.
2023-01-04 05:19:26,851 - Velocimacro : allowInline = true : VMs can be defined inline in templates
2023-01-04 05:19:26,851 - Velocimacro : allowInline = true : VMs can be defined inline in templates
2023-01-04 05:19:26,851 - Velocimacro : allowInline = true : VMs can be defined inline in templates
2023-01-04 05:19:26,851 - Velocimacro : allowInline = true : VMs can be defined inline in templates
2023-01-04 05:19:26,851 - Velocimacro : allowInlineToOverride = false : VMs defined inline may NOT replace previous VM definitions
2023-01-04 05:19:26,851 - Velocimacro : allowInlineToOverride = false : VMs defined inline may NOT replace previous VM definitions
2023-01-04 05:19:26,851 - Velocimacro : allowInlineToOverride = false : VMs defined inline may NOT replace previous VM definitions
2023-01-04 05:19:26,851 - Velocimacro : allowInlineToOverride = false : VMs defined inline may NOT replace previous VM definitions
2023-01-04 05:19:26,851 - Velocimacro : allowInlineLocal = false : VMs defined inline will be global in scope if allowed.
2023-01-04 05:19:26,851 - Velocimacro : allowInlineLocal = false : VMs defined inline will be global in scope if allowed.
2023-01-04 05:19:26,851 - Velocimacro : allowInlineLocal = false : VMs defined inline will be global in scope if allowed.
2023-01-04 05:19:26,851 - Velocimacro : allowInlineLocal = false : VMs defined inline will be global in scope if allowed.
2023-01-04 05:19:26,851 - Velocimacro : autoload off : VM system will not automatically reload global library macros
2023-01-04 05:19:26,851 - Velocimacro : autoload off : VM system will not automatically reload global library macros
2023-01-04 05:19:26,851 - Velocimacro : autoload off : VM system will not automatically reload global library macros
2023-01-04 05:19:26,851 - Velocimacro : autoload off : VM system will not automatically reload global library macros
2023-01-04 05:19:26,878 - ResourceManager : found main.java.vm with loader org.apache.velocity.runtime.resource.loader.FileResourceLoader
2023-01-04 05:19:26,878 - ResourceManager : found main.java.vm with loader org.apache.velocity.runtime.resource.loader.FileResourceLoader
2023-01-04 05:19:26,878 - ResourceManager : found main.java.vm with loader org.apache.velocity.runtime.resource.loader.FileResourceLoader
2023-01-04 05:19:26,878 - ResourceManager : found main.java.vm with loader org.apache.velocity.runtime.resource.loader.FileResourceLoader
2023-01-04 05:19:26,883 - ResourceManager : found mappingKind.vm with loader org.apache.velocity.runtime.resource.loader.FileResourceLoader
2023-01-04 05:19:26,883 - ResourceManager : found mappingKind.vm with loader org.apache.velocity.runtime.resource.loader.FileResourceLoader
2023-01-04 05:19:26,883 - ResourceManager : found mappingKind.vm with loader org.apache.velocity.runtime.resource.loader.FileResourceLoader
2023-01-04 05:19:26,883 - ResourceManager : found mappingKind.vm with loader org.apache.velocity.runtime.resource.loader.FileResourceLoader
2023-01-04 05:19:26,884 - Velocimacro : added #append(  members parameters ) : source = column.vm
2023-01-04 05:19:26,884 - Velocimacro : added #append(  members parameters ) : source = column.vm
2023-01-04 05:19:26,884 - Velocimacro : added #append(  members parameters ) : source = column.vm
2023-01-04 05:19:26,884 - Velocimacro : added #append(  members parameters ) : source = column.vm
2023-01-04 05:19:26,899 - ResourceManager : found column.vm with loader org.apache.velocity.runtime.resource.loader.FileResourceLoader
2023-01-04 05:19:26,899 - ResourceManager : found column.vm with loader org.apache.velocity.runtime.resource.loader.FileResourceLoader
2023-01-04 05:19:26,899 - ResourceManager : found column.vm with loader org.apache.velocity.runtime.resource.loader.FileResourceLoader
2023-01-04 05:19:26,899 - ResourceManager : found column.vm with loader org.apache.velocity.runtime.resource.loader.FileResourceLoader
2023-01-04 05:19:26,901 - ResourceManager : found mappingKind.vm with loader org.apache.velocity.runtime.resource.loader.FileResourceLoader
2023-01-04 05:19:26,901 - ResourceManager : found mappingKind.vm with loader org.apache.velocity.runtime.resource.loader.FileResourceLoader
2023-01-04 05:19:26,901 - ResourceManager : found mappingKind.vm with loader org.apache.velocity.runtime.resource.loader.FileResourceLoader
2023-01-04 05:19:26,901 - ResourceManager : found mappingKind.vm with loader org.apache.velocity.runtime.resource.loader.FileResourceLoader
2023-01-04 05:19:26,904 - Velocimacro : VM addition rejected : append : inline not allowed to replace existing VM
2023-01-04 05:19:26,904 - Velocimacro : VM addition rejected : append : inline not allowed to replace existing VM
2023-01-04 05:19:26,904 - Velocimacro : VM addition rejected : append : inline not allowed to replace existing VM
2023-01-04 05:19:26,904 - Velocimacro : VM addition rejected : append : inline not allowed to replace existing VM
2023-01-04 05:19:26,904 - Failed to add macro: #append(  members parameters ) : source = column.vm
2023-01-04 05:19:26,904 - Failed to add macro: #append(  members parameters ) : source = column.vm
2023-01-04 05:19:26,904 - Failed to add macro: #append(  members parameters ) : source = column.vm
2023-01-04 05:19:26,904 - Failed to add macro: #append(  members parameters ) : source = column.vm
2023-01-04 05:19:26,909 - ResourceManager : found column.vm with loader org.apache.velocity.runtime.resource.loader.FileResourceLoader
2023-01-04 05:19:26,909 - ResourceManager : found column.vm with loader org.apache.velocity.runtime.resource.loader.FileResourceLoader
2023-01-04 05:19:26,909 - ResourceManager : found column.vm with loader org.apache.velocity.runtime.resource.loader.FileResourceLoader
2023-01-04 05:19:26,909 - ResourceManager : found column.vm with loader org.apache.velocity.runtime.resource.loader.FileResourceLoader
2023-01-04 05:19:26,912 - ResourceManager : found oneToMany.vm with loader org.apache.velocity.runtime.resource.loader.FileResourceLoader
2023-01-04 05:19:26,912 - ResourceManager : found oneToMany.vm with loader org.apache.velocity.runtime.resource.loader.FileResourceLoader
2023-01-04 05:19:26,912 - ResourceManager : found oneToMany.vm with loader org.apache.velocity.runtime.resource.loader.FileResourceLoader
2023-01-04 05:19:26,912 - ResourceManager : found oneToMany.vm with loader org.apache.velocity.runtime.resource.loader.FileResourceLoader
2023-01-04 05:19:26,915 - ResourceManager : found manyToOne.vm with loader org.apache.velocity.runtime.resource.loader.FileResourceLoader
2023-01-04 05:19:26,915 - ResourceManager : found manyToOne.vm with loader org.apache.velocity.runtime.resource.loader.FileResourceLoader
2023-01-04 05:19:26,915 - ResourceManager : found manyToOne.vm with loader org.apache.velocity.runtime.resource.loader.FileResourceLoader
2023-01-04 05:19:26,915 - ResourceManager : found manyToOne.vm with loader org.apache.velocity.runtime.resource.loader.FileResourceLoader
2023-01-04 05:19:26,916 - Velocimacro : added #joinColumn(  column referencedColumn ) : source = join.vm
2023-01-04 05:19:26,916 - Velocimacro : added #joinColumn(  column referencedColumn ) : source = join.vm
2023-01-04 05:19:26,916 - Velocimacro : added #joinColumn(  column referencedColumn ) : source = join.vm
2023-01-04 05:19:26,916 - Velocimacro : added #joinColumn(  column referencedColumn ) : source = join.vm
2023-01-04 05:19:26,922 - ResourceManager : found join.vm with loader org.apache.velocity.runtime.resource.loader.FileResourceLoader
2023-01-04 05:19:26,922 - ResourceManager : found join.vm with loader org.apache.velocity.runtime.resource.loader.FileResourceLoader
2023-01-04 05:19:26,922 - ResourceManager : found join.vm with loader org.apache.velocity.runtime.resource.loader.FileResourceLoader
2023-01-04 05:19:26,922 - ResourceManager : found join.vm with loader org.apache.velocity.runtime.resource.loader.FileResourceLoader
2023-01-04 05:19:26,930 - ResourceManager : found oneToManyMethods.vm with loader org.apache.velocity.runtime.resource.loader.FileResourceLoader
2023-01-04 05:19:26,930 - ResourceManager : found oneToManyMethods.vm with loader org.apache.velocity.runtime.resource.loader.FileResourceLoader
2023-01-04 05:19:26,930 - ResourceManager : found oneToManyMethods.vm with loader org.apache.velocity.runtime.resource.loader.FileResourceLoader
2023-01-04 05:19:26,930 - ResourceManager : found oneToManyMethods.vm with loader org.apache.velocity.runtime.resource.loader.FileResourceLoader
