2023-01-05 13:59:33,246 INFO  [org.jboss.modules] (main) JBoss Modules version 2.0.2.Final
2023-01-05 13:59:38,204 INFO  [org.jboss.msc] (main) JBoss MSC version 1.4.13.Final
2023-01-05 13:59:38,294 INFO  [org.jboss.threads] (main) JBoss Threads version 2.4.0.Final
2023-01-05 13:59:38,937 INFO  [org.jboss.as] (MSC service thread 1-3) WFLYSRV0049: WildFly Full 26.1.2.Final (WildFly Core 18.1.2.Final) starting
2023-01-05 13:59:38,946 DEBUG [org.jboss.as.config] (MSC service thread 1-3) Configured system properties:
	file.encoding = UTF-8
	file.separator = \
	java.awt.headless = true
	java.class.path = C:\Users\Acer\Desktop\KERETRENDSZERBEADANDO\SERVERS\wildfly-26.1.2.Final\jboss-modules.jar
	java.class.version = 61.0
	java.home = C:\Users\Acer\Desktop\KERETRENDSZERBEADANDO\IDE\eclipse\plugins\org.eclipse.justj.openjdk.hotspot.jre.full.win32.x86_64_17.0.4.v20220903-1038\jre
	java.io.tmpdir = C:\Users\Acer\AppData\Local\Temp\
	java.library.path = C:\Users\Acer\Desktop\KERETRENDSZERBEADANDO\IDE\eclipse\plugins\org.eclipse.justj.openjdk.hotspot.jre.full.win32.x86_64_17.0.4.v20220903-1038\jre\bin;C:\Windows\Sun\Java\bin;C:\Windows\system32;C:\Windows;native;C:/Users/Acer/Desktop/KERETRENDSZERBEADANDO/IDE/eclipse//plugins/org.eclipse.justj.openjdk.hotspot.jre.full.win32.x86_64_17.0.4.v20220903-1038/jre/bin/server;C:/Users/Acer/Desktop/KERETRENDSZERBEADANDO/IDE/eclipse//plugins/org.eclipse.justj.openjdk.hotspot.jre.full.win32.x86_64_17.0.4.v20220903-1038/jre/bin;C:\Program Files (x86)\Common Files\Oracle\Java\javapath;C:\Program Files\Common Files\Oracle\Java\javapath;C:\Windows\system32;C:\Windows;C:\Windows\System32\Wbem;C:\Windows\System32\WindowsPowerShell\v1.0\;C:\Windows\System32\OpenSSH\;C:\xampp\php;C:\ProgramData\ComposerSetup\bin;C:\Program Files\dotnet\;C:\Program Files\Microsoft SQL Server\130\Tools\Binn\;C:\Program Files\Microsoft SQL Server\Client SDK\ODBC\170\Tools\Binn\;C:\Program Files\spring-2.5.0\bin;;C:\Program Files\Docker\Docker\resources\bin;C:\ProgramData\DockerDesktop\version-bin;C:\Users\Acer\AppData\Local\Microsoft\WindowsApps;C:\Users\Acer\AppData\Local\Programs\Microsoft VS Code\bin;C:\Program Files\Git\bin\;C:\Program Files\Git\cmd\;"C:\Users\Acer\AppData\Roaming\Composer\vendor\bin;C:\Program Files\nodejs\";C:\Users\Acer\.dotnet\tools;C:\Users\Acer\AppData\Local\GitHubDesktop\bin;C:\Program Files\Multipass\bin;C:\Program Files\Maven\apache-maven-3.8.6\bin;C:\texlive\2022\bin\win32;C:\Users\Acer\Desktop\KERETRENDSZERBEADANDO\IDE\eclipse;;.
	java.net.preferIPv4Stack = true
	java.runtime.name = OpenJDK Runtime Environment
	java.runtime.version = 17.0.4.1+1
	java.specification.name = Java Platform API Specification
	java.specification.vendor = Oracle Corporation
	java.specification.version = 17
	java.util.logging.manager = org.jboss.logmanager.LogManager
	java.vendor = Eclipse Adoptium
	java.vendor.url = https://adoptium.net/
	java.vendor.url.bug = https://github.com/adoptium/adoptium-support/issues
	java.vendor.version = Temurin-17.0.4.1+1
	java.version = 17.0.4.1
	java.version.date = 2022-08-12
	java.vm.compressedOopsMode = 32-bit
	java.vm.info = mixed mode
	java.vm.name = OpenJDK 64-Bit Server VM
	java.vm.specification.name = Java Virtual Machine Specification
	java.vm.specification.vendor = Oracle Corporation
	java.vm.specification.version = 17
	java.vm.vendor = Eclipse Adoptium
	java.vm.version = 17.0.4.1+1
	javax.management.builder.initial = org.jboss.as.jmx.PluggableMBeanServerBuilder
	jboss.bind.address = localhost
	jboss.bind.address.management = localhost
	jboss.home.dir = C:\Users\Acer\Desktop\KERETRENDSZERBEADANDO\SERVERS\wildfly-26.1.2.Final
	jboss.host.name = desktop-frpl2mu
	jboss.modules.dir = C:\Users\Acer\Desktop\KERETRENDSZERBEADANDO\SERVERS\wildfly-26.1.2.Final\modules
	jboss.modules.system.pkgs = org.jboss.byteman
	jboss.node.name = desktop-frpl2mu
	jboss.qualified.host.name = desktop-frpl2mu
	jboss.server.base.dir = C:\Users\Acer\Desktop\KERETRENDSZERBEADANDO\SERVERS\wildfly-26.1.2.Final\standalone
	jboss.server.config.dir = C:\Users\Acer\Desktop\KERETRENDSZERBEADANDO\SERVERS\wildfly-26.1.2.Final\standalone\configuration
	jboss.server.data.dir = C:\Users\Acer\Desktop\KERETRENDSZERBEADANDO\SERVERS\wildfly-26.1.2.Final\standalone\data
	jboss.server.deploy.dir = C:\Users\Acer\Desktop\KERETRENDSZERBEADANDO\SERVERS\wildfly-26.1.2.Final\standalone\data\content
	jboss.server.log.dir = C:\Users\Acer\Desktop\KERETRENDSZERBEADANDO\SERVERS\wildfly-26.1.2.Final\standalone\log
	jboss.server.name = desktop-frpl2mu
	jboss.server.persist.config = true
	jboss.server.temp.dir = C:\Users\Acer\Desktop\KERETRENDSZERBEADANDO\SERVERS\wildfly-26.1.2.Final\standalone\tmp
	jdk.debug = release
	line.separator = 

	logging.configuration = file:C:\Users\Acer\Desktop\KERETRENDSZERBEADANDO\SERVERS\wildfly-26.1.2.Final\standalone\configuration\logging.properties
	module.path = C:\Users\Acer\Desktop\KERETRENDSZERBEADANDO\SERVERS\wildfly-26.1.2.Final\modules
	native.encoding = Cp1250
	org.jboss.boot.log.file = C:\Users\Acer\Desktop\KERETRENDSZERBEADANDO\SERVERS\wildfly-26.1.2.Final\standalone\log\boot.log
	org.jboss.logmanager.nocolor = true
	org.jboss.resolver.warning = true
	os.arch = amd64
	os.name = Windows 10
	os.version = 10.0
	path.separator = ;
	program.name = JBossTools: WildFly 24+
	sun.arch.data.model = 64
	sun.boot.library.path = C:\Users\Acer\Desktop\KERETRENDSZERBEADANDO\IDE\eclipse\plugins\org.eclipse.justj.openjdk.hotspot.jre.full.win32.x86_64_17.0.4.v20220903-1038\jre\bin
	sun.cpu.endian = little
	sun.cpu.isalist = amd64
	sun.io.unicode.encoding = UnicodeLittle
	sun.java.command = org.jboss.modules.Main -mp C:\Users\Acer\Desktop\KERETRENDSZERBEADANDO\SERVERS\wildfly-26.1.2.Final\modules org.jboss.as.standalone -b localhost --server-config=standalone.xml -Djboss.server.base.dir=C:\Users\Acer\Desktop\KERETRENDSZERBEADANDO\SERVERS\wildfly-26.1.2.Final\standalone
	sun.java.launcher = SUN_STANDARD
	sun.jnu.encoding = Cp1250
	sun.management.compiler = HotSpot 64-Bit Tiered Compilers
	sun.os.patch.level = 
	sun.rmi.dgc.client.gcInterval = 3600000
	sun.rmi.dgc.server.gcInterval = 3600000
	user.country = HU
	user.dir = C:\Users\Acer\Desktop\KERETRENDSZERBEADANDO\SERVERS\wildfly-26.1.2.Final\bin
	user.home = C:\Users\Acer
	user.language = hu
	user.name = Acer
	user.script = 
	user.timezone = Europe/Budapest
	user.variant = 
2023-01-05 13:59:38,954 DEBUG [org.jboss.as.config] (MSC service thread 1-3) VM Arguments: -Dprogram.name=JBossTools: WildFly 24+ -Xms64m -Xmx512m -Dorg.jboss.resolver.warning=true -Djava.net.preferIPv4Stack=true -Dsun.rmi.dgc.client.gcInterval=3600000 -Dsun.rmi.dgc.server.gcInterval=3600000 -Djboss.modules.system.pkgs=org.jboss.byteman -Djava.awt.headless=true -Dorg.jboss.boot.log.file=C:\Users\Acer\Desktop\KERETRENDSZERBEADANDO\SERVERS\wildfly-26.1.2.Final\standalone\log\boot.log -Dlogging.configuration=file:C:\Users\Acer\Desktop\KERETRENDSZERBEADANDO\SERVERS\wildfly-26.1.2.Final\standalone\configuration\logging.properties -Djboss.home.dir=C:\Users\Acer\Desktop\KERETRENDSZERBEADANDO\SERVERS\wildfly-26.1.2.Final -Dorg.jboss.logmanager.nocolor=true --add-exports=java.desktop/sun.awt=ALL-UNNAMED --add-exports=java.naming/com.sun.jndi.ldap=ALL-UNNAMED --add-opens=java.base/java.lang=ALL-UNNAMED --add-opens=java.base/java.lang.invoke=ALL-UNNAMED --add-opens=java.base/java.lang.reflect=ALL-UNNAMED --add-opens=java.base/java.io=ALL-UNNAMED --add-opens=java.base/java.security=ALL-UNNAMED --add-opens=java.base/java.util=ALL-UNNAMED --add-opens=java.base/java.util.concurrent=ALL-UNNAMED --add-opens=java.management/javax.management=ALL-UNNAMED --add-opens=java.naming/javax.naming=ALL-UNNAMED --add-exports=java.base/sun.nio.ch=ALL-UNNAMED --add-exports=jdk.unsupported/sun.misc=ALL-UNNAMED --add-exports=jdk.unsupported/sun.reflect=ALL-UNNAMED --add-modules=java.se -Djboss.bind.address.management=localhost -Dfile.encoding=UTF-8 -XX:+ShowCodeDetailsInExceptionMessages 
2023-01-05 13:59:46,681 INFO  [org.wildfly.security] (ServerService Thread Pool -- 25) ELY00001: WildFly Elytron version 1.19.1.Final
2023-01-05 14:00:06,344 INFO  [org.jboss.as.server.deployment.scanner] (DeploymentScanner-threads - 1) WFLYDS0004: Found Project_EAR.ear in deployment directory. To trigger deployment create a file called Project_EAR.ear.dodeploy
2023-01-05 14:00:06,594 INFO  [org.jboss.as.server] (Controller Boot Thread) WFLYSRV0039: Creating http management service using socket-binding (management-http)
2023-01-05 14:00:06,673 INFO  [org.xnio] (MSC service thread 1-3) XNIO version 3.8.7.Final
2023-01-05 14:00:06,692 INFO  [org.xnio.nio] (MSC service thread 1-3) XNIO NIO Implementation Version 3.8.7.Final
2023-01-05 14:00:07,095 WARN  [org.jboss.as.txn] (ServerService Thread Pool -- 76) WFLYTX0013: The node-identifier attribute on the /subsystem=transactions is set to the default value. This is a danger for environments running multiple servers. Please make sure the attribute value is unique.
2023-01-05 14:00:07,192 INFO  [org.jboss.as.jaxrs] (ServerService Thread Pool -- 58) WFLYRS0016: RESTEasy version 4.7.7.Final
2023-01-05 14:00:07,263 INFO  [org.wildfly.extension.microprofile.jwt.smallrye] (ServerService Thread Pool -- 67) WFLYJWT0001: Activating MicroProfile JWT Subsystem
2023-01-05 14:00:07,277 INFO  [org.wildfly.extension.health] (ServerService Thread Pool -- 55) WFLYHEALTH0001: Activating Base Health Subsystem
2023-01-05 14:00:07,277 INFO  [org.wildfly.extension.elytron.oidc._private] (ServerService Thread Pool -- 54) WFLYOIDC0001: Activating WildFly Elytron OIDC Subsystem
2023-01-05 14:00:07,278 INFO  [org.jboss.as.clustering.infinispan] (ServerService Thread Pool -- 56) WFLYCLINF0001: Activating Infinispan subsystem.
2023-01-05 14:00:07,279 INFO  [org.jboss.as.naming] (ServerService Thread Pool -- 69) WFLYNAM0001: Activating Naming Subsystem
2023-01-05 14:00:07,284 INFO  [org.wildfly.extension.microprofile.config.smallrye] (ServerService Thread Pool -- 66) WFLYCONF0001: Activating MicroProfile Config Subsystem
2023-01-05 14:00:07,291 INFO  [org.jboss.as.connector.subsystems.datasources] (ServerService Thread Pool -- 46) WFLYJCA0004: Deploying JDBC-compliant driver class org.h2.Driver (version 1.4)
2023-01-05 14:00:07,314 INFO  [org.jboss.as.jsf] (ServerService Thread Pool -- 63) WFLYJSF0007: Activated the following Jakarta Server Faces Implementations: [main]
2023-01-05 14:00:07,317 INFO  [org.wildfly.extension.microprofile.opentracing] (ServerService Thread Pool -- 68) WFLYTRACEXT0001: Activating MicroProfile OpenTracing Subsystem
2023-01-05 14:00:07,342 INFO  [org.wildfly.extension.metrics] (ServerService Thread Pool -- 65) WFLYMETRICS0001: Activating Base Metrics Subsystem
2023-01-05 14:00:07,566 INFO  [org.jboss.as.webservices] (ServerService Thread Pool -- 78) WFLYWS0002: Activating WebServices Extension
2023-01-05 14:00:09,145 INFO  [org.wildfly.extension.undertow] (MSC service thread 1-4) WFLYUT0003: Undertow 2.2.19.Final starting
2023-01-05 14:00:09,187 INFO  [org.wildfly.extension.undertow] (ServerService Thread Pool -- 77) WFLYUT0014: Creating file handler for path 'C:\Users\Acer\Desktop\KERETRENDSZERBEADANDO\SERVERS\wildfly-26.1.2.Final/welcome-content' with options [directory-listing: 'false', follow-symlink: 'false', case-sensitive: 'true', safe-symlink-paths: '[]']
2023-01-05 14:00:09,355 INFO  [org.jboss.as.connector] (MSC service thread 1-4) WFLYJCA0009: Starting Jakarta Connectors Subsystem (WildFly/IronJacamar 1.5.3.Final)
2023-01-05 14:00:09,417 INFO  [org.jboss.as.naming] (MSC service thread 1-4) WFLYNAM0003: Starting Naming Service
2023-01-05 14:00:09,708 INFO  [org.jboss.as.connector.deployers.jdbc] (MSC service thread 1-4) WFLYJCA0018: Started Driver service with driver-name = h2
2023-01-05 14:00:09,868 INFO  [org.jboss.as.mail.extension] (MSC service thread 1-4) WFLYMAIL0001: Bound mail session [java:jboss/mail/Default]
2023-01-05 14:00:10,045 WARN  [org.wildfly.extension.elytron] (MSC service thread 1-4) WFLYELY00023: KeyStore file 'C:\Users\Acer\Desktop\KERETRENDSZERBEADANDO\SERVERS\wildfly-26.1.2.Final\standalone\configuration\application.keystore' does not exist. Used blank.
2023-01-05 14:00:10,261 WARN  [org.wildfly.extension.elytron] (MSC service thread 1-4) WFLYELY01084: KeyStore C:\Users\Acer\Desktop\KERETRENDSZERBEADANDO\SERVERS\wildfly-26.1.2.Final\standalone\configuration\application.keystore not found, it will be auto generated on first use with a self-signed certificate for host localhost
2023-01-05 14:00:12,636 INFO  [org.wildfly.extension.io] (ServerService Thread Pool -- 57) WFLYIO001: Worker 'default' has auto-configured to 4 IO threads with 32 max task threads based on your 2 available processors
2023-01-05 14:00:12,685 INFO  [org.jboss.as.ejb3] (MSC service thread 1-1) WFLYEJB0482: Strict pool mdb-strict-max-pool is using a max instance size of 8 (per class), which is derived from the number of CPUs on this host.
2023-01-05 14:00:12,686 INFO  [org.jboss.as.ejb3] (MSC service thread 1-1) WFLYEJB0481: Strict pool slsb-strict-max-pool is using a max instance size of 32 (per class), which is derived from thread worker pool sizing.
2023-01-05 14:00:12,830 INFO  [org.jboss.remoting] (MSC service thread 1-3) JBoss Remoting version 5.0.25.Final
2023-01-05 14:00:13,029 INFO  [org.wildfly.extension.undertow] (MSC service thread 1-3) WFLYUT0012: Started server default-server.
2023-01-05 14:00:13,164 INFO  [org.wildfly.extension.undertow] (MSC service thread 1-3) Queuing requests.
2023-01-05 14:00:13,174 INFO  [org.wildfly.extension.undertow] (MSC service thread 1-3) WFLYUT0018: Host default-host starting
2023-01-05 14:00:13,231 INFO  [org.wildfly.extension.undertow] (MSC service thread 1-1) WFLYUT0006: Undertow HTTP listener default listening on 127.0.0.1:8080
2023-01-05 14:00:13,487 INFO  [org.wildfly.extension.undertow] (MSC service thread 1-3) WFLYUT0006: Undertow HTTPS listener https listening on 127.0.0.1:8443
2023-01-05 14:00:13,784 INFO  [org.jboss.as.ejb3] (MSC service thread 1-1) WFLYEJB0493: Jakarta Enterprise Beans subsystem suspension complete
2023-01-05 14:00:14,054 INFO  [org.jboss.as.connector.subsystems.datasources] (MSC service thread 1-2) WFLYJCA0001: Bound data source [java:jboss/datasources/ExampleDS]
2023-01-05 14:00:19,286 INFO  [org.jboss.as.patching] (MSC service thread 1-3) WFLYPAT0050: WildFly Full cumulative patch ID is: base, one-off patches include: none
2023-01-05 14:00:19,290 INFO  [org.jboss.as.server.deployment.scanner] (MSC service thread 1-3) WFLYDS0013: Started FileSystemDeploymentService for directory C:\Users\Acer\Desktop\KERETRENDSZERBEADANDO\SERVERS\wildfly-26.1.2.Final\standalone\deployments
2023-01-05 14:00:19,302 INFO  [org.jboss.as.server.deployment] (MSC service thread 1-4) WFLYSRV0027: Starting deployment of "Project_EAR.ear" (runtime-name: "Project_EAR.ear")
2023-01-05 14:00:19,302 INFO  [org.jboss.as.server.deployment] (MSC service thread 1-2) WFLYSRV0027: Starting deployment of "ojdbc8.jar" (runtime-name: "ojdbc8.jar")
2023-01-05 14:00:19,592 INFO  [org.jboss.as.server.deployment] (MSC service thread 1-4) WFLYSRV0207: Starting subdeployment (runtime-name: "Project_EJB.jar")
2023-01-05 14:00:19,594 INFO  [org.jboss.as.server.deployment] (MSC service thread 1-3) WFLYSRV0207: Starting subdeployment (runtime-name: "Project_WEB1.war")
2023-01-05 14:00:19,593 INFO  [org.jboss.as.server.deployment] (MSC service thread 1-4) WFLYSRV0207: Starting subdeployment (runtime-name: "Project_SERVLET.war")
2023-01-05 14:00:21,657 WARN  [org.jboss.as.server.deployment] (MSC service thread 1-2) WFLYSRV0059: Class Path entry oraclepki.jar in /C:/Users/Acer/Desktop/KERETRENDSZERBEADANDO/SERVERS/wildfly-26.1.2.Final/bin/content/ojdbc8.jar  does not point to a valid jar for a Class-Path reference.
2023-01-05 14:00:23,228 INFO  [org.jboss.ws.common.management] (MSC service thread 1-1) JBWS022052: Starting JBossWS 5.5.0.Final (Apache CXF 3.4.7) 
2023-01-05 14:00:23,914 INFO  [org.jboss.as.jpa] (MSC service thread 1-1) WFLYJPA0002: Read persistence.xml for Project_JPA
2023-01-05 14:00:24,021 WARN  [org.jboss.as.ejb3] (MSC service thread 1-3) WFLYEJB0525: The 'mappedName' in Jakarta Enterprise Beans  annotations is not supported. Value of 'OrszagokEJB' for Jakarta Enterprise Beans 'OrszagokEJB' will be ignored.
2023-01-05 14:00:26,862 INFO  [org.jipijapa] (MSC service thread 1-1) JIPIORMV53020253: Second level cache enabled for Project_EAR.ear#Project_JPA
2023-01-05 14:00:27,683 INFO  [org.jboss.weld.deployer] (MSC service thread 1-1) WFLYWELD0003: Processing weld deployment Project_EAR.ear
2023-01-05 14:00:28,951 INFO  [org.jboss.as.connector.deployers.jdbc] (MSC service thread 1-2) WFLYJCA0004: Deploying JDBC-compliant driver class oracle.jdbc.OracleDriver (version 18.15)
2023-01-05 14:00:29,069 INFO  [org.jboss.as.connector.deployers.jdbc] (MSC service thread 1-2) WFLYJCA0018: Started Driver service with driver-name = ojdbc8.jar
2023-01-05 14:00:29,078 INFO  [org.jboss.as.connector.subsystems.datasources] (MSC service thread 1-2) WFLYJCA0001: Bound data source [java:/OracleDS]
2023-01-05 14:00:30,072 INFO  [org.infinispan.CONTAINER] (ServerService Thread Pool -- 83) ISPN000128: Infinispan version: Infinispan 'Triskaidekaphobia' 13.0.10.Final
2023-01-05 14:00:30,467 INFO  [org.infinispan.CONTAINER] (ServerService Thread Pool -- 82) ISPN000556: Starting user marshaller 'org.wildfly.clustering.infinispan.marshalling.jboss.JBossMarshaller'
2023-01-05 14:00:30,478 INFO  [org.infinispan.CONTAINER] (ServerService Thread Pool -- 83) ISPN000556: Starting user marshaller 'org.wildfly.clustering.infinispan.spi.marshalling.InfinispanProtoStreamMarshaller'
2023-01-05 14:00:31,906 INFO  [org.jboss.as.jpa] (ServerService Thread Pool -- 82) WFLYJPA0010: Starting Persistence Unit (phase 1 of 2) Service 'Project_EAR.ear#Project_JPA'
2023-01-05 14:00:31,992 INFO  [org.hibernate.jpa.internal.util.LogHelper] (ServerService Thread Pool -- 82) HHH000204: Processing PersistenceUnitInfo [
	name: Project_JPA
	...]
2023-01-05 14:00:32,546 INFO  [org.hibernate.Version] (ServerService Thread Pool -- 82) HHH000412: Hibernate Core {5.3.28.Final}
2023-01-05 14:00:32,548 INFO  [org.hibernate.cfg.Environment] (ServerService Thread Pool -- 82) HHH000206: hibernate.properties not found
2023-01-05 14:00:33,526 INFO  [org.hibernate.validator.internal.util.Version] (MSC service thread 1-1) HV000001: Hibernate Validator 6.0.23.Final
2023-01-05 14:00:33,567 INFO  [org.hibernate.annotations.common.Version] (ServerService Thread Pool -- 82) HCANN000001: Hibernate Commons Annotations {5.0.5.Final}
2023-01-05 14:00:34,550 INFO  [org.infinispan.CONFIG] (MSC service thread 1-4) ISPN000152: Passivation configured without an eviction policy being selected. Only manually evicted entities will be passivated.
2023-01-05 14:00:34,564 INFO  [org.infinispan.CONFIG] (MSC service thread 1-4) ISPN000152: Passivation configured without an eviction policy being selected. Only manually evicted entities will be passivated.
2023-01-05 14:00:34,654 INFO  [org.infinispan.CONTAINER] (ServerService Thread Pool -- 82) ISPN000025: wakeUpInterval is <= 0, not starting expired purge thread
2023-01-05 14:00:34,686 INFO  [org.jboss.as.clustering.infinispan] (ServerService Thread Pool -- 82) WFLYCLINF0002: Started http-remoting-connector cache from ejb container
2023-01-05 14:00:35,002 INFO  [org.jboss.weld.deployer] (MSC service thread 1-2) WFLYWELD0003: Processing weld deployment Project_WEB1.war
2023-01-05 14:00:35,102 INFO  [org.jboss.weld.deployer] (MSC service thread 1-3) WFLYWELD0003: Processing weld deployment Project_SERVLET.war
2023-01-05 14:00:35,447 INFO  [org.jboss.weld.deployer] (MSC service thread 1-4) WFLYWELD0003: Processing weld deployment Project_EJB.jar
2023-01-05 14:00:35,549 INFO  [org.jboss.as.ejb3.deployment] (MSC service thread 1-4) WFLYEJB0473: JNDI bindings for session bean named 'OrszagokEJB' in deployment unit 'subdeployment "Project_EJB.jar" of deployment "Project_EAR.ear"' are as follows:

	java:global/Project_EAR/Project_EJB/OrszagokEJB!com.ekke.controllers.OrszagokEJB
	java:app/Project_EJB/OrszagokEJB!com.ekke.controllers.OrszagokEJB
	java:module/OrszagokEJB!com.ekke.controllers.OrszagokEJB
	java:global/Project_EAR/Project_EJB/OrszagokEJB!com.ekke.controllers.OrszagokEJBLocal
	java:app/Project_EJB/OrszagokEJB!com.ekke.controllers.OrszagokEJBLocal
	java:module/OrszagokEJB!com.ekke.controllers.OrszagokEJBLocal

2023-01-05 14:00:35,662 INFO  [org.wildfly.microprofile.opentracing.smallrye] (MSC service thread 1-4) WFLYTRAC0001: Tracer initialized: NoopTracer
2023-01-05 14:00:35,906 INFO  [io.jaegertracing.internal.JaegerTracer] (MSC service thread 1-2) No shutdown hook registered: Please call close() manually on application shutdown.
2023-01-05 14:00:35,908 INFO  [org.wildfly.microprofile.opentracing.smallrye] (MSC service thread 1-2) WFLYTRAC0001: Tracer initialized: JaegerTracer(version=Java-1.6.0, serviceName=Project_EAR.ear!Project_WEB1.war, reporter=RemoteReporter(sender=org.wildfly.extension.microprofile.opentracing.spi.sender.WildFlySender@515633b9, closeEnqueueTimeout=1000), sampler=RemoteControlledSampler(maxOperations=2000, manager=HttpSamplingManager(hostPort=localhost:5778), sampler=ProbabilisticSampler(tags={sampler.type=probabilistic, sampler.param=0.001})), tags={hostname=DESKTOP-FRPL2MU, jaeger.version=Java-1.6.0, ip=172.18.0.1}, zipkinSharedRpcSpan=false, expandExceptionLogs=false, useTraceId128Bit=false)
2023-01-05 14:00:35,922 INFO  [io.jaegertracing.internal.JaegerTracer] (MSC service thread 1-3) No shutdown hook registered: Please call close() manually on application shutdown.
2023-01-05 14:00:35,923 INFO  [org.wildfly.microprofile.opentracing.smallrye] (MSC service thread 1-3) WFLYTRAC0001: Tracer initialized: JaegerTracer(version=Java-1.6.0, serviceName=Project_EAR.ear!Project_SERVLET.war, reporter=RemoteReporter(sender=org.wildfly.extension.microprofile.opentracing.spi.sender.WildFlySender@31228275, closeEnqueueTimeout=1000), sampler=RemoteControlledSampler(maxOperations=2000, manager=HttpSamplingManager(hostPort=localhost:5778), sampler=ProbabilisticSampler(tags={sampler.type=probabilistic, sampler.param=0.001})), tags={hostname=DESKTOP-FRPL2MU, jaeger.version=Java-1.6.0, ip=172.18.0.1}, zipkinSharedRpcSpan=false, expandExceptionLogs=false, useTraceId128Bit=false)
2023-01-05 14:00:37,595 INFO  [org.jipijapa] (MSC service thread 1-2) JIPIORMV53020253: Second level cache enabled for Project_EAR.ear#Project_JPA
2023-01-05 14:00:37,830 INFO  [org.jboss.weld.Version] (MSC service thread 1-2) WELD-000900: 3.1.9 (Final)
2023-01-05 14:00:39,127 INFO  [org.jboss.as.jpa] (ServerService Thread Pool -- 83) WFLYJPA0010: Starting Persistence Unit (phase 2 of 2) Service 'Project_EAR.ear#Project_JPA'
2023-01-05 14:00:40,484 INFO  [org.hibernate.dialect.Dialect] (ServerService Thread Pool -- 83) HHH000400: Using dialect: org.hibernate.dialect.Oracle10gDialect
2023-01-05 14:00:41,695 INFO  [org.hibernate.envers.boot.internal.EnversServiceImpl] (ServerService Thread Pool -- 83) Envers integration enabled? : true
2023-01-05 14:00:44,598 INFO  [org.hibernate.hql.internal.QueryTranslatorFactoryInitiator] (ServerService Thread Pool -- 83) HHH000397: Using ASTQueryTranslatorFactory
2023-01-05 14:00:47,349 INFO  [org.wildfly.extension.undertow] (ServerService Thread Pool -- 85) WFLYUT0021: Registered web context: '/Project_SERVLET' for server 'default-server'
2023-01-05 14:00:47,349 INFO  [org.wildfly.extension.undertow] (ServerService Thread Pool -- 84) WFLYUT0021: Registered web context: '/Project_WEB1' for server 'default-server'
2023-01-05 14:00:48,283 INFO  [org.jboss.as.server] (Controller Boot Thread) WFLYSRV0010: Deployed "ojdbc8.jar" (runtime-name : "ojdbc8.jar")
2023-01-05 14:00:48,286 INFO  [org.jboss.as.server] (ServerService Thread Pool -- 47) WFLYSRV0010: Deployed "Project_EAR.ear" (runtime-name : "Project_EAR.ear")
2023-01-05 14:00:48,607 INFO  [org.jboss.as.server] (Controller Boot Thread) WFLYSRV0212: Resuming server
2023-01-05 14:00:48,634 INFO  [org.jboss.as] (Controller Boot Thread) WFLYSRV0025: WildFly Full 26.1.2.Final (WildFly Core 18.1.2.Final) started in 87817ms - Started 672 of 856 services (357 services are lazy, passive or on-demand) - Server configuration file in use: standalone.xml
2023-01-05 14:00:48,649 INFO  [org.jboss.as] (Controller Boot Thread) WFLYSRV0060: Http management interface listening on http://127.0.0.1:9990/management
2023-01-05 14:00:48,649 INFO  [org.jboss.as] (Controller Boot Thread) WFLYSRV0051: Admin console listening on http://127.0.0.1:9990
